\BOOKMARK [0][-]{chapter.1}{Introduction}{}% 1
\BOOKMARK [1][-]{section.1.1}{Discrete convolutions}{chapter.1}% 2
\BOOKMARK [1][-]{section.1.2}{Pooling}{chapter.1}% 3
\BOOKMARK [0][-]{chapter.2}{Convolution arithmetic}{}% 4
\BOOKMARK [1][-]{section.2.1}{No zero padding, unit strides}{chapter.2}% 5
\BOOKMARK [1][-]{section.2.2}{Zero padding, unit strides}{chapter.2}% 6
\BOOKMARK [2][-]{subsection.2.2.1}{Half \(same\) padding}{section.2.2}% 7
\BOOKMARK [2][-]{subsection.2.2.2}{Full padding}{section.2.2}% 8
\BOOKMARK [1][-]{section.2.3}{No zero padding, non-unit strides}{chapter.2}% 9
\BOOKMARK [1][-]{section.2.4}{Zero padding, non-unit strides}{chapter.2}% 10
\BOOKMARK [0][-]{chapter.3}{Pooling arithmetic}{}% 11
\BOOKMARK [0][-]{chapter.4}{Transposed convolution arithmetic}{}% 12
\BOOKMARK [1][-]{section.4.1}{Convolution as a matrix operation}{chapter.4}% 13
\BOOKMARK [1][-]{section.4.2}{Transposed convolution}{chapter.4}% 14
\BOOKMARK [1][-]{section.4.3}{No zero padding, unit strides, transposed}{chapter.4}% 15
\BOOKMARK [1][-]{section.4.4}{Zero padding, unit strides, transposed}{chapter.4}% 16
\BOOKMARK [2][-]{subsection.4.4.1}{Half \(same\) padding, transposed}{section.4.4}% 17
\BOOKMARK [2][-]{subsection.4.4.2}{Full padding, transposed}{section.4.4}% 18
\BOOKMARK [1][-]{section.4.5}{No zero padding, non-unit strides, transposed}{chapter.4}% 19
\BOOKMARK [1][-]{section.4.6}{Zero padding, non-unit strides, transposed}{chapter.4}% 20
\BOOKMARK [0][-]{chapter.5}{Miscellaneous convolutions}{}% 21
\BOOKMARK [1][-]{section.5.1}{Dilated convolutions}{chapter.5}% 22
