This is pdfTeX, Version 3.14159265-2.6-1.40.16 (TeX Live 2015) (preloaded format=pdflatex 2015.5.24)  8 OCT 2020 22:22
entering extended mode
 restricted \write18 enabled.
 %&-line parsing enabled.
**conv_arithmetic.tex
(./conv_arithmetic.tex
LaTeX2e <2015/01/01>
Babel <3.9l> and hyphenation patterns for 79 languages loaded.
(/usr/local/texlive/2015/texmf-dist/tex/latex/base/report.cls
Document Class: report 2014/09/29 v1.4h Standard LaTeX document class
(/usr/local/texlive/2015/texmf-dist/tex/latex/base/size10.clo
File: size10.clo 2014/09/29 v1.4h Standard LaTeX file (size option)
)
\c@part=\count79
\c@chapter=\count80
\c@section=\count81
\c@subsection=\count82
\c@subsubsection=\count83
\c@paragraph=\count84
\c@subparagraph=\count85
\c@figure=\count86
\c@table=\count87
\abovecaptionskip=\skip41
\belowcaptionskip=\skip42
\bibindent=\dimen102
)
(/usr/local/texlive/2015/texmf-dist/tex/latex/amsmath/amsmath.sty
Package: amsmath 2013/01/14 v2.14 AMS math features
\@mathmargin=\skip43

For additional information on amsmath, use the `?' option.
(/usr/local/texlive/2015/texmf-dist/tex/latex/amsmath/amstext.sty
Package: amstext 2000/06/29 v2.01

(/usr/local/texlive/2015/texmf-dist/tex/latex/amsmath/amsgen.sty
File: amsgen.sty 1999/11/30 v2.0
\@emptytoks=\toks14
\ex@=\dimen103
))
(/usr/local/texlive/2015/texmf-dist/tex/latex/amsmath/amsbsy.sty
Package: amsbsy 1999/11/29 v1.2d
\pmbraise@=\dimen104
)
(/usr/local/texlive/2015/texmf-dist/tex/latex/amsmath/amsopn.sty
Package: amsopn 1999/12/14 v2.01 operator names
)
\inf@bad=\count88
LaTeX Info: Redefining \frac on input line 210.
\uproot@=\count89
\leftroot@=\count90
LaTeX Info: Redefining \overline on input line 306.
\classnum@=\count91
\DOTSCASE@=\count92
LaTeX Info: Redefining \ldots on input line 378.
LaTeX Info: Redefining \dots on input line 381.
LaTeX Info: Redefining \cdots on input line 466.
\Mathstrutbox@=\box26
\strutbox@=\box27
\big@size=\dimen105
LaTeX Font Info:    Redeclaring font encoding OML on input line 566.
LaTeX Font Info:    Redeclaring font encoding OMS on input line 567.
\macc@depth=\count93
\c@MaxMatrixCols=\count94
\dotsspace@=\muskip10
\c@parentequation=\count95
\dspbrk@lvl=\count96
\tag@help=\toks15
\row@=\count97
\column@=\count98
\maxfields@=\count99
\andhelp@=\toks16
\eqnshift@=\dimen106
\alignsep@=\dimen107
\tagshift@=\dimen108
\tagwidth@=\dimen109
\totwidth@=\dimen110
\lineht@=\dimen111
\@envbody=\toks17
\multlinegap=\skip44
\multlinetaggap=\skip45
\mathdisplay@stack=\toks18
LaTeX Info: Redefining \[ on input line 2665.
LaTeX Info: Redefining \] on input line 2666.
)
(/usr/local/texlive/2015/texmf-dist/tex/latex/amsfonts/amsfonts.sty
Package: amsfonts 2013/01/14 v3.01 Basic AMSFonts support
\symAMSa=\mathgroup4
\symAMSb=\mathgroup5
LaTeX Font Info:    Overwriting math alphabet `\mathfrak' in version `bold'
(Font)                  U/euf/m/n --> U/euf/b/n on input line 106.
)
(/usr/local/texlive/2015/texmf-dist/tex/latex/amscls/amsthm.sty
Package: amsthm 2015/03/04 v2.20.2
\thm@style=\toks19
\thm@bodyfont=\toks20
\thm@headfont=\toks21
\thm@notefont=\toks22
\thm@headpunct=\toks23
\thm@preskip=\skip46
\thm@postskip=\skip47
\thm@headsep=\skip48
\dth@everypar=\toks24
)
(/usr/local/texlive/2015/texmf-dist/tex/latex/amsfonts/amssymb.sty
Package: amssymb 2013/01/14 v3.01 AMS font symbols
)
(/usr/local/texlive/2015/texmf-dist/tex/latex/preprint/authblk.sty
Package: authblk 2001/02/27 1.3 (PWD)
\affilsep=\skip49
\@affilsep=\skip50
\c@Maxaffil=\count100
\c@authors=\count101
\c@affil=\count102
)
(/usr/local/texlive/2015/texmf-dist/tex/latex/base/fontenc.sty
Package: fontenc 2005/09/27 v1.99g Standard LaTeX package

(/usr/local/texlive/2015/texmf-dist/tex/latex/base/t1enc.def
File: t1enc.def 2005/09/27 v1.99g Standard LaTeX file
LaTeX Font Info:    Redeclaring font encoding T1 on input line 48.
))
(/usr/local/texlive/2015/texmf-dist/tex/latex/graphics/graphicx.sty
Package: graphicx 2014/10/28 v1.0g Enhanced LaTeX Graphics (DPC,SPQR)

(/usr/local/texlive/2015/texmf-dist/tex/latex/graphics/keyval.sty
Package: keyval 2014/10/28 v1.15 key=value parser (DPC)
\KV@toks@=\toks25
)
(/usr/local/texlive/2015/texmf-dist/tex/latex/graphics/graphics.sty
Package: graphics 2014/10/28 v1.0p Standard LaTeX Graphics (DPC,SPQR)

(/usr/local/texlive/2015/texmf-dist/tex/latex/graphics/trig.sty
Package: trig 1999/03/16 v1.09 sin cos tan (DPC)
)
(/usr/local/texlive/2015/texmf-dist/tex/latex/latexconfig/graphics.cfg
File: graphics.cfg 2010/04/23 v1.9 graphics configuration of TeX Live
)
Package graphics Info: Driver file: pdftex.def on input line 94.

(/usr/local/texlive/2015/texmf-dist/tex/latex/pdftex-def/pdftex.def
File: pdftex.def 2011/05/27 v0.06d Graphics/color for pdfTeX

(/usr/local/texlive/2015/texmf-dist/tex/generic/oberdiek/infwarerr.sty
Package: infwarerr 2010/04/08 v1.3 Providing info/warning/error messages (HO)
)
(/usr/local/texlive/2015/texmf-dist/tex/generic/oberdiek/ltxcmds.sty
Package: ltxcmds 2011/11/09 v1.22 LaTeX kernel commands for general use (HO)
)
\Gread@gobject=\count103
))
\Gin@req@height=\dimen112
\Gin@req@width=\dimen113
)
(/usr/local/texlive/2015/texmf-dist/tex/latex/base/inputenc.sty
Package: inputenc 2015/03/17 v1.2c Input encoding file
\inpenc@prehook=\toks26
\inpenc@posthook=\toks27

(/usr/local/texlive/2015/texmf-dist/tex/latex/base/utf8.def
File: utf8.def 2014/09/29 v1.1m UTF-8 support for inputenc
Now handling font encoding OML ...
... no UTF-8 mapping file for font encoding OML
Now handling font encoding T1 ...
... processing UTF-8 mapping file for font encoding T1

(/usr/local/texlive/2015/texmf-dist/tex/latex/base/t1enc.dfu
File: t1enc.dfu 2014/09/29 v1.1m UTF-8 support for inputenc
   defining Unicode char U+00A1 (decimal 161)
   defining Unicode char U+00A3 (decimal 163)
   defining Unicode char U+00AB (decimal 171)
   defining Unicode char U+00BB (decimal 187)
   defining Unicode char U+00BF (decimal 191)
   defining Unicode char U+00C0 (decimal 192)
   defining Unicode char U+00C1 (decimal 193)
   defining Unicode char U+00C2 (decimal 194)
   defining Unicode char U+00C3 (decimal 195)
   defining Unicode char U+00C4 (decimal 196)
   defining Unicode char U+00C5 (decimal 197)
   defining Unicode char U+00C6 (decimal 198)
   defining Unicode char U+00C7 (decimal 199)
   defining Unicode char U+00C8 (decimal 200)
   defining Unicode char U+00C9 (decimal 201)
   defining Unicode char U+00CA (decimal 202)
   defining Unicode char U+00CB (decimal 203)
   defining Unicode char U+00CC (decimal 204)
   defining Unicode char U+00CD (decimal 205)
   defining Unicode char U+00CE (decimal 206)
   defining Unicode char U+00CF (decimal 207)
   defining Unicode char U+00D0 (decimal 208)
   defining Unicode char U+00D1 (decimal 209)
   defining Unicode char U+00D2 (decimal 210)
   defining Unicode char U+00D3 (decimal 211)
   defining Unicode char U+00D4 (decimal 212)
   defining Unicode char U+00D5 (decimal 213)
   defining Unicode char U+00D6 (decimal 214)
   defining Unicode char U+00D8 (decimal 216)
   defining Unicode char U+00D9 (decimal 217)
   defining Unicode char U+00DA (decimal 218)
   defining Unicode char U+00DB (decimal 219)
   defining Unicode char U+00DC (decimal 220)
   defining Unicode char U+00DD (decimal 221)
   defining Unicode char U+00DE (decimal 222)
   defining Unicode char U+00DF (decimal 223)
   defining Unicode char U+00E0 (decimal 224)
   defining Unicode char U+00E1 (decimal 225)
   defining Unicode char U+00E2 (decimal 226)
   defining Unicode char U+00E3 (decimal 227)
   defining Unicode char U+00E4 (decimal 228)
   defining Unicode char U+00E5 (decimal 229)
   defining Unicode char U+00E6 (decimal 230)
   defining Unicode char U+00E7 (decimal 231)
   defining Unicode char U+00E8 (decimal 232)
   defining Unicode char U+00E9 (decimal 233)
   defining Unicode char U+00EA (decimal 234)
   defining Unicode char U+00EB (decimal 235)
   defining Unicode char U+00EC (decimal 236)
   defining Unicode char U+00ED (decimal 237)
   defining Unicode char U+00EE (decimal 238)
   defining Unicode char U+00EF (decimal 239)
   defining Unicode char U+00F0 (decimal 240)
   defining Unicode char U+00F1 (decimal 241)
   defining Unicode char U+00F2 (decimal 242)
   defining Unicode char U+00F3 (decimal 243)
   defining Unicode char U+00F4 (decimal 244)
   defining Unicode char U+00F5 (decimal 245)
   defining Unicode char U+00F6 (decimal 246)
   defining Unicode char U+00F8 (decimal 248)
   defining Unicode char U+00F9 (decimal 249)
   defining Unicode char U+00FA (decimal 250)
   defining Unicode char U+00FB (decimal 251)
   defining Unicode char U+00FC (decimal 252)
   defining Unicode char U+00FD (decimal 253)
   defining Unicode char U+00FE (decimal 254)
   defining Unicode char U+00FF (decimal 255)
   defining Unicode char U+0102 (decimal 258)
   defining Unicode char U+0103 (decimal 259)
   defining Unicode char U+0104 (decimal 260)
   defining Unicode char U+0105 (decimal 261)
   defining Unicode char U+0106 (decimal 262)
   defining Unicode char U+0107 (decimal 263)
   defining Unicode char U+010C (decimal 268)
   defining Unicode char U+010D (decimal 269)
   defining Unicode char U+010E (decimal 270)
   defining Unicode char U+010F (decimal 271)
   defining Unicode char U+0110 (decimal 272)
   defining Unicode char U+0111 (decimal 273)
   defining Unicode char U+0118 (decimal 280)
   defining Unicode char U+0119 (decimal 281)
   defining Unicode char U+011A (decimal 282)
   defining Unicode char U+011B (decimal 283)
   defining Unicode char U+011E (decimal 286)
   defining Unicode char U+011F (decimal 287)
   defining Unicode char U+0130 (decimal 304)
   defining Unicode char U+0131 (decimal 305)
   defining Unicode char U+0132 (decimal 306)
   defining Unicode char U+0133 (decimal 307)
   defining Unicode char U+0139 (decimal 313)
   defining Unicode char U+013A (decimal 314)
   defining Unicode char U+013D (decimal 317)
   defining Unicode char U+013E (decimal 318)
   defining Unicode char U+0141 (decimal 321)
   defining Unicode char U+0142 (decimal 322)
   defining Unicode char U+0143 (decimal 323)
   defining Unicode char U+0144 (decimal 324)
   defining Unicode char U+0147 (decimal 327)
   defining Unicode char U+0148 (decimal 328)
   defining Unicode char U+014A (decimal 330)
   defining Unicode char U+014B (decimal 331)
   defining Unicode char U+0150 (decimal 336)
   defining Unicode char U+0151 (decimal 337)
   defining Unicode char U+0152 (decimal 338)
   defining Unicode char U+0153 (decimal 339)
   defining Unicode char U+0154 (decimal 340)
   defining Unicode char U+0155 (decimal 341)
   defining Unicode char U+0158 (decimal 344)
   defining Unicode char U+0159 (decimal 345)
   defining Unicode char U+015A (decimal 346)
   defining Unicode char U+015B (decimal 347)
   defining Unicode char U+015E (decimal 350)
   defining Unicode char U+015F (decimal 351)
   defining Unicode char U+0160 (decimal 352)
   defining Unicode char U+0161 (decimal 353)
   defining Unicode char U+0162 (decimal 354)
   defining Unicode char U+0163 (decimal 355)
   defining Unicode char U+0164 (decimal 356)
   defining Unicode char U+0165 (decimal 357)
   defining Unicode char U+016E (decimal 366)
   defining Unicode char U+016F (decimal 367)
   defining Unicode char U+0170 (decimal 368)
   defining Unicode char U+0171 (decimal 369)
   defining Unicode char U+0178 (decimal 376)
   defining Unicode char U+0179 (decimal 377)
   defining Unicode char U+017A (decimal 378)
   defining Unicode char U+017B (decimal 379)
   defining Unicode char U+017C (decimal 380)
   defining Unicode char U+017D (decimal 381)
   defining Unicode char U+017E (decimal 382)
   defining Unicode char U+200C (decimal 8204)
   defining Unicode char U+2013 (decimal 8211)
   defining Unicode char U+2014 (decimal 8212)
   defining Unicode char U+2018 (decimal 8216)
   defining Unicode char U+2019 (decimal 8217)
   defining Unicode char U+201A (decimal 8218)
   defining Unicode char U+201C (decimal 8220)
   defining Unicode char U+201D (decimal 8221)
   defining Unicode char U+201E (decimal 8222)
   defining Unicode char U+2030 (decimal 8240)
   defining Unicode char U+2031 (decimal 8241)
   defining Unicode char U+2039 (decimal 8249)
   defining Unicode char U+203A (decimal 8250)
   defining Unicode char U+2423 (decimal 9251)
)
Now handling font encoding OT1 ...
... processing UTF-8 mapping file for font encoding OT1

(/usr/local/texlive/2015/texmf-dist/tex/latex/base/ot1enc.dfu
File: ot1enc.dfu 2014/09/29 v1.1m UTF-8 support for inputenc
   defining Unicode char U+00A1 (decimal 161)
   defining Unicode char U+00A3 (decimal 163)
   defining Unicode char U+00B8 (decimal 184)
   defining Unicode char U+00BF (decimal 191)
   defining Unicode char U+00C5 (decimal 197)
   defining Unicode char U+00C6 (decimal 198)
   defining Unicode char U+00D8 (decimal 216)
   defining Unicode char U+00DF (decimal 223)
   defining Unicode char U+00E6 (decimal 230)
   defining Unicode char U+00EC (decimal 236)
   defining Unicode char U+00ED (decimal 237)
   defining Unicode char U+00EE (decimal 238)
   defining Unicode char U+00EF (decimal 239)
   defining Unicode char U+00F8 (decimal 248)
   defining Unicode char U+0131 (decimal 305)
   defining Unicode char U+0141 (decimal 321)
   defining Unicode char U+0142 (decimal 322)
   defining Unicode char U+0152 (decimal 338)
   defining Unicode char U+0153 (decimal 339)
   defining Unicode char U+2013 (decimal 8211)
   defining Unicode char U+2014 (decimal 8212)
   defining Unicode char U+2018 (decimal 8216)
   defining Unicode char U+2019 (decimal 8217)
   defining Unicode char U+201C (decimal 8220)
   defining Unicode char U+201D (decimal 8221)
)
Now handling font encoding OMS ...
... processing UTF-8 mapping file for font encoding OMS

(/usr/local/texlive/2015/texmf-dist/tex/latex/base/omsenc.dfu
File: omsenc.dfu 2014/09/29 v1.1m UTF-8 support for inputenc
   defining Unicode char U+00A7 (decimal 167)
   defining Unicode char U+00B6 (decimal 182)
   defining Unicode char U+00B7 (decimal 183)
   defining Unicode char U+2020 (decimal 8224)
   defining Unicode char U+2021 (decimal 8225)
   defining Unicode char U+2022 (decimal 8226)
)
Now handling font encoding OMX ...
... no UTF-8 mapping file for font encoding OMX
Now handling font encoding U ...
... no UTF-8 mapping file for font encoding U
   defining Unicode char U+00A9 (decimal 169)
   defining Unicode char U+00AA (decimal 170)
   defining Unicode char U+00AE (decimal 174)
   defining Unicode char U+00BA (decimal 186)
   defining Unicode char U+02C6 (decimal 710)
   defining Unicode char U+02DC (decimal 732)
   defining Unicode char U+200C (decimal 8204)
   defining Unicode char U+2026 (decimal 8230)
   defining Unicode char U+2122 (decimal 8482)
   defining Unicode char U+2423 (decimal 9251)
))
(/usr/local/texlive/2015/texmf-dist/tex/latex/mdframed/mdframed.sty
Package: mdframed 2013/07/01 1.9b: mdframed

(/usr/local/texlive/2015/texmf-dist/tex/latex/oberdiek/kvoptions.sty
Package: kvoptions 2011/06/30 v3.11 Key value format for package options (HO)

(/usr/local/texlive/2015/texmf-dist/tex/generic/oberdiek/kvsetkeys.sty
Package: kvsetkeys 2012/04/25 v1.16 Key value parser (HO)

(/usr/local/texlive/2015/texmf-dist/tex/generic/oberdiek/etexcmds.sty
Package: etexcmds 2011/02/16 v1.5 Avoid name clashes with e-TeX commands (HO)

(/usr/local/texlive/2015/texmf-dist/tex/generic/oberdiek/ifluatex.sty
Package: ifluatex 2010/03/01 v1.3 Provides the ifluatex switch (HO)
Package ifluatex Info: LuaTeX not detected.
)
Package etexcmds Info: Could not find \expanded.
(etexcmds)             That can mean that you are not using pdfTeX 1.50 or
(etexcmds)             that some package has redefined \expanded.
(etexcmds)             In the latter case, load this package earlier.
)))
(/usr/local/texlive/2015/texmf-dist/tex/latex/l3packages/xparse/xparse.sty
(/usr/local/texlive/2015/texmf-dist/tex/latex/l3kernel/expl3.sty
Package: expl3 2015/03/01 v5547 L3 programming layer (loader) 

(/usr/local/texlive/2015/texmf-dist/tex/latex/l3kernel/expl3-code.tex
Package: expl3 2015/03/01 v5547 L3 programming layer (code) 
L3 Module: l3bootstrap 2015/02/28 v5542 L3 Bootstrap code
L3 Module: l3names 2015/02/24 v5535 L3 Namespace for primitives
L3 Module: l3basics 2015/01/27 v5500 L3 Basic definitions
L3 Module: l3expan 2014/11/27 v5472 L3 Argument expansion
L3 Module: l3tl 2015/01/27 v5500 L3 Token lists
L3 Module: l3str 2015/03/01 v5545 L3 Strings
L3 Module: l3seq 2014/08/23 v5354 L3 Sequences and stacks
L3 Module: l3int 2015/02/21 v5529 L3 Integers
\c_max_int=\count104
\l_tmpa_int=\count105
\l_tmpb_int=\count106
\g_tmpa_int=\count107
\g_tmpb_int=\count108
L3 Module: l3quark 2014/08/23 v5354 L3 Quarks
L3 Module: l3prg 2014/08/23 v5354 L3 Control structures
\g__prg_map_int=\count109
L3 Module: l3clist 2014/08/23 v5354 L3 Comma separated lists
L3 Module: l3token 2014/09/15 v5422 L3 Experimental token manipulation
L3 Module: l3prop 2014/08/23 v5354 L3 Property lists
L3 Module: l3msg 2015/02/26 v5537 L3 Messages
L3 Module: l3file 2014/08/24 v5369 L3 File and I/O operations
\l_iow_line_count_int=\count110
\l__iow_target_count_int=\count111
\l__iow_current_line_int=\count112
\l__iow_current_word_int=\count113
\l__iow_current_indentation_int=\count114
L3 Module: l3skip 2014/08/23 v5354 L3 Dimensions and skips
\c_zero_dim=\dimen114
\c_max_dim=\dimen115
\l_tmpa_dim=\dimen116
\l_tmpb_dim=\dimen117
\g_tmpa_dim=\dimen118
\g_tmpb_dim=\dimen119
\c_zero_skip=\skip51
\c_max_skip=\skip52
\l_tmpa_skip=\skip53
\l_tmpb_skip=\skip54
\g_tmpa_skip=\skip55
\g_tmpb_skip=\skip56
\c_zero_muskip=\muskip11
\c_max_muskip=\muskip12
\l_tmpa_muskip=\muskip13
\l_tmpb_muskip=\muskip14
\g_tmpa_muskip=\muskip15
\g_tmpb_muskip=\muskip16
L3 Module: l3keys 2015/01/27 v5500 L3 Key-value interfaces
\g__keyval_level_int=\count115
\l_keys_choice_int=\count116
L3 Module: l3fp 2014/08/22 v5336 L3 Floating points
\c__fp_leading_shift_int=\count117
\c__fp_middle_shift_int=\count118
\c__fp_trailing_shift_int=\count119
\c__fp_big_leading_shift_int=\count120
\c__fp_big_middle_shift_int=\count121
\c__fp_big_trailing_shift_int=\count122
\c__fp_Bigg_leading_shift_int=\count123
\c__fp_Bigg_middle_shift_int=\count124
\c__fp_Bigg_trailing_shift_int=\count125
L3 Module: l3box 2014/08/23 v5354 L3 Experimental boxes
\c_empty_box=\box28
\l_tmpa_box=\box29
\l_tmpb_box=\box30
\g_tmpa_box=\box31
\g_tmpb_box=\box32
L3 Module: l3coffins 2014/08/23 v5354 L3 Coffin code layer
\l__coffin_internal_box=\box33
\l__coffin_internal_dim=\dimen120
\l__coffin_offset_x_dim=\dimen121
\l__coffin_offset_y_dim=\dimen122
\l__coffin_x_dim=\dimen123
\l__coffin_y_dim=\dimen124
\l__coffin_x_prime_dim=\dimen125
\l__coffin_y_prime_dim=\dimen126
\c_empty_coffin=\box34
\l__coffin_aligned_coffin=\box35
\l__coffin_aligned_internal_coffin=\box36
\l_tmpa_coffin=\box37
\l_tmpb_coffin=\box38
\l__coffin_display_coffin=\box39
\l__coffin_display_coord_coffin=\box40
\l__coffin_display_pole_coffin=\box41
\l__coffin_display_offset_dim=\dimen127
\l__coffin_display_x_dim=\dimen128
\l__coffin_display_y_dim=\dimen129
L3 Module: l3color 2014/08/23 v5354 L3 Experimental color support
L3 Module: l3candidates 2015/03/01 v5544 L3 Experimental additions to l3kernel
\l__box_top_dim=\dimen130
\l__box_bottom_dim=\dimen131
\l__box_left_dim=\dimen132
\l__box_right_dim=\dimen133
\l__box_top_new_dim=\dimen134
\l__box_bottom_new_dim=\dimen135
\l__box_left_new_dim=\dimen136
\l__box_right_new_dim=\dimen137
\l__box_internal_box=\box42
\l__coffin_bounding_shift_dim=\dimen138
\l__coffin_left_corner_dim=\dimen139
\l__coffin_right_corner_dim=\dimen140
\l__coffin_bottom_corner_dim=\dimen141
\l__coffin_top_corner_dim=\dimen142
\l__coffin_scaled_total_height_dim=\dimen143
\l__coffin_scaled_width_dim=\dimen144
)
(/usr/local/texlive/2015/texmf-dist/tex/latex/l3kernel/l3unicode-data.def
File: l3unicode-data.def 2015/03/01 v5544 L3 Unicode data
)
(/usr/local/texlive/2015/texmf-dist/tex/latex/l3kernel/l3pdfmode.def
File: l3pdfmode.def 2015/03/01 v5544 L3 Experimental driver: PDF mode
\l__driver_color_stack_int=\count126
))
Package: xparse 2014/11/25 v5471 L3 Experimental document command parser
\l__xparse_current_arg_int=\count127
\l__xparse_m_args_int=\count128
\l__xparse_mandatory_args_int=\count129
\l__xparse_processor_int=\count130
\l__xparse_v_nesting_int=\count131
)
(/usr/local/texlive/2015/texmf-dist/tex/latex/etoolbox/etoolbox.sty
Package: etoolbox 2015/05/04 v2.2 e-TeX tools for LaTeX (JAW)
\etb@tempcnta=\count132
)
(/usr/local/texlive/2015/texmf-dist/tex/latex/oberdiek/zref-abspage.sty
Package: zref-abspage 2012/04/04 v2.24 Module abspage for zref (HO)

(/usr/local/texlive/2015/texmf-dist/tex/latex/oberdiek/zref-base.sty
Package: zref-base 2012/04/04 v2.24 Module base for zref (HO)

(/usr/local/texlive/2015/texmf-dist/tex/generic/oberdiek/kvdefinekeys.sty
Package: kvdefinekeys 2011/04/07 v1.3 Define keys (HO)
)
(/usr/local/texlive/2015/texmf-dist/tex/generic/oberdiek/pdftexcmds.sty
Package: pdftexcmds 2011/11/29 v0.20 Utility functions of pdfTeX for LuaTeX (HO
)

(/usr/local/texlive/2015/texmf-dist/tex/generic/oberdiek/ifpdf.sty
Package: ifpdf 2011/01/30 v2.3 Provides the ifpdf switch (HO)
Package ifpdf Info: pdfTeX in PDF mode is detected.
)
Package pdftexcmds Info: LuaTeX not detected.
Package pdftexcmds Info: \pdf@primitive is available.
Package pdftexcmds Info: \pdf@ifprimitive is available.
Package pdftexcmds Info: \pdfdraftmode found.
)
(/usr/local/texlive/2015/texmf-dist/tex/latex/oberdiek/auxhook.sty
Package: auxhook 2011/03/04 v1.3 Hooks for auxiliary files (HO)
)
Package zref Info: New property list: main on input line 759.
Package zref Info: New property: default on input line 760.
Package zref Info: New property: page on input line 761.
)
(/usr/local/texlive/2015/texmf-dist/tex/generic/oberdiek/atbegshi.sty
Package: atbegshi 2011/10/05 v1.16 At begin shipout hook (HO)
)
\c@abspage=\count133
Package zref Info: New property: abspage on input line 62.
)
(/usr/local/texlive/2015/texmf-dist/tex/latex/needspace/needspace.sty
Package: needspace 2010/09/12 v1.3d reserve vertical space
)
(/usr/local/texlive/2015/texmf-dist/tex/latex/graphics/color.sty
Package: color 2014/10/28 v1.1a Standard LaTeX Color (DPC)

(/usr/local/texlive/2015/texmf-dist/tex/latex/latexconfig/color.cfg
File: color.cfg 2007/01/18 v1.5 color configuration of teTeX/TeXLive
)
Package color Info: Driver file: pdftex.def on input line 142.
)
\mdf@templength=\skip57
\c@mdf@globalstyle@cnt=\count134
\mdf@skipabove@length=\skip58
\mdf@skipbelow@length=\skip59
\mdf@leftmargin@length=\skip60
\mdf@rightmargin@length=\skip61
\mdf@innerleftmargin@length=\skip62
\mdf@innerrightmargin@length=\skip63
\mdf@innertopmargin@length=\skip64
\mdf@innerbottommargin@length=\skip65
\mdf@splittopskip@length=\skip66
\mdf@splitbottomskip@length=\skip67
\mdf@outermargin@length=\skip68
\mdf@innermargin@length=\skip69
\mdf@linewidth@length=\skip70
\mdf@innerlinewidth@length=\skip71
\mdf@middlelinewidth@length=\skip72
\mdf@outerlinewidth@length=\skip73
\mdf@roundcorner@length=\skip74
\mdf@footenotedistance@length=\skip75
\mdf@userdefinedwidth@length=\skip76
\mdf@needspace@length=\skip77
\mdf@frametitleaboveskip@length=\skip78
\mdf@frametitlebelowskip@length=\skip79
\mdf@frametitlerulewidth@length=\skip80
\mdf@frametitleleftmargin@length=\skip81
\mdf@frametitlerightmargin@length=\skip82
\mdf@shadowsize@length=\skip83
\mdf@extratopheight@length=\skip84
\mdf@subtitleabovelinewidth@length=\skip85
\mdf@subtitlebelowlinewidth@length=\skip86
\mdf@subtitleaboveskip@length=\skip87
\mdf@subtitlebelowskip@length=\skip88
\mdf@subtitleinneraboveskip@length=\skip89
\mdf@subtitleinnerbelowskip@length=\skip90
\mdf@subsubtitleabovelinewidth@length=\skip91
\mdf@subsubtitlebelowlinewidth@length=\skip92
\mdf@subsubtitleaboveskip@length=\skip93
\mdf@subsubtitlebelowskip@length=\skip94
\mdf@subsubtitleinneraboveskip@length=\skip95
\mdf@subsubtitleinnerbelowskip@length=\skip96

(/usr/local/texlive/2015/texmf-dist/tex/latex/pgf/frontendlayer/tikz.sty
(/usr/local/texlive/2015/texmf-dist/tex/latex/pgf/basiclayer/pgf.sty
(/usr/local/texlive/2015/texmf-dist/tex/latex/pgf/utilities/pgfrcs.sty
(/usr/local/texlive/2015/texmf-dist/tex/generic/pgf/utilities/pgfutil-common.te
x
\pgfutil@everybye=\toks28
\pgfutil@tempdima=\dimen145
\pgfutil@tempdimb=\dimen146

(/usr/local/texlive/2015/texmf-dist/tex/generic/pgf/utilities/pgfutil-common-li
sts.tex))
(/usr/local/texlive/2015/texmf-dist/tex/generic/pgf/utilities/pgfutil-latex.def
\pgfutil@abb=\box43
(/usr/local/texlive/2015/texmf-dist/tex/latex/ms/everyshi.sty
Package: everyshi 2001/05/15 v3.00 EveryShipout Package (MS)
))
(/usr/local/texlive/2015/texmf-dist/tex/generic/pgf/utilities/pgfrcs.code.tex
Package: pgfrcs 2013/12/20 v3.0.0 (rcs-revision 1.28)
))
Package: pgf 2013/12/18 v3.0.0 (rcs-revision 1.14)
(/usr/local/texlive/2015/texmf-dist/tex/latex/pgf/basiclayer/pgfcore.sty
(/usr/local/texlive/2015/texmf-dist/tex/latex/pgf/systemlayer/pgfsys.sty
(/usr/local/texlive/2015/texmf-dist/tex/generic/pgf/systemlayer/pgfsys.code.tex
Package: pgfsys 2013/11/30 v3.0.0 (rcs-revision 1.47)
(/usr/local/texlive/2015/texmf-dist/tex/generic/pgf/utilities/pgfkeys.code.tex
\pgfkeys@pathtoks=\toks29
\pgfkeys@temptoks=\toks30

(/usr/local/texlive/2015/texmf-dist/tex/generic/pgf/utilities/pgfkeysfiltered.c
ode.tex
\pgfkeys@tmptoks=\toks31
))
\pgf@x=\dimen147
\pgf@y=\dimen148
\pgf@xa=\dimen149
\pgf@ya=\dimen150
\pgf@xb=\dimen151
\pgf@yb=\dimen152
\pgf@xc=\dimen153
\pgf@yc=\dimen154
\w@pgf@writea=\write3
\r@pgf@reada=\read1
\c@pgf@counta=\count135
\c@pgf@countb=\count136
\c@pgf@countc=\count137
\c@pgf@countd=\count138
\t@pgf@toka=\toks32
\t@pgf@tokb=\toks33
\t@pgf@tokc=\toks34

(/usr/local/texlive/2015/texmf-dist/tex/generic/pgf/systemlayer/pgf.cfg
File: pgf.cfg 2008/05/14  (rcs-revision 1.7)
)
Driver file for pgf: pgfsys-pdftex.def

(/usr/local/texlive/2015/texmf-dist/tex/generic/pgf/systemlayer/pgfsys-pdftex.d
ef
File: pgfsys-pdftex.def 2013/07/18  (rcs-revision 1.33)

(/usr/local/texlive/2015/texmf-dist/tex/generic/pgf/systemlayer/pgfsys-common-p
df.def
File: pgfsys-common-pdf.def 2013/10/10  (rcs-revision 1.13)
)))
(/usr/local/texlive/2015/texmf-dist/tex/generic/pgf/systemlayer/pgfsyssoftpath.
code.tex
File: pgfsyssoftpath.code.tex 2013/09/09  (rcs-revision 1.9)
\pgfsyssoftpath@smallbuffer@items=\count139
\pgfsyssoftpath@bigbuffer@items=\count140
)
(/usr/local/texlive/2015/texmf-dist/tex/generic/pgf/systemlayer/pgfsysprotocol.
code.tex
File: pgfsysprotocol.code.tex 2006/10/16  (rcs-revision 1.4)
)) (/usr/local/texlive/2015/texmf-dist/tex/latex/xcolor/xcolor.sty
Package: xcolor 2007/01/21 v2.11 LaTeX color extensions (UK)

(/usr/local/texlive/2015/texmf-dist/tex/latex/latexconfig/color.cfg
File: color.cfg 2007/01/18 v1.5 color configuration of teTeX/TeXLive
)
Package xcolor Info: Driver file: pdftex.def on input line 225.
LaTeX Info: Redefining \color on input line 702.
Package xcolor Info: Model `cmy' substituted by `cmy0' on input line 1337.
Package xcolor Info: Model `hsb' substituted by `rgb' on input line 1341.
Package xcolor Info: Model `RGB' extended on input line 1353.
Package xcolor Info: Model `HTML' substituted by `rgb' on input line 1355.
Package xcolor Info: Model `Hsb' substituted by `hsb' on input line 1356.
Package xcolor Info: Model `tHsb' substituted by `hsb' on input line 1357.
Package xcolor Info: Model `HSB' substituted by `hsb' on input line 1358.
Package xcolor Info: Model `Gray' substituted by `gray' on input line 1359.
Package xcolor Info: Model `wave' substituted by `hsb' on input line 1360.
)
(/usr/local/texlive/2015/texmf-dist/tex/generic/pgf/basiclayer/pgfcore.code.tex
Package: pgfcore 2010/04/11 v3.0.0 (rcs-revision 1.7)
(/usr/local/texlive/2015/texmf-dist/tex/generic/pgf/math/pgfmath.code.tex
(/usr/local/texlive/2015/texmf-dist/tex/generic/pgf/math/pgfmathcalc.code.tex
(/usr/local/texlive/2015/texmf-dist/tex/generic/pgf/math/pgfmathutil.code.tex)
(/usr/local/texlive/2015/texmf-dist/tex/generic/pgf/math/pgfmathparser.code.tex
\pgfmath@dimen=\dimen155
\pgfmath@count=\count141
\pgfmath@box=\box44
\pgfmath@toks=\toks35
\pgfmath@stack@operand=\toks36
\pgfmath@stack@operation=\toks37
)
(/usr/local/texlive/2015/texmf-dist/tex/generic/pgf/math/pgfmathfunctions.code.
tex
(/usr/local/texlive/2015/texmf-dist/tex/generic/pgf/math/pgfmathfunctions.basic
.code.tex)
(/usr/local/texlive/2015/texmf-dist/tex/generic/pgf/math/pgfmathfunctions.trigo
nometric.code.tex)
(/usr/local/texlive/2015/texmf-dist/tex/generic/pgf/math/pgfmathfunctions.rando
m.code.tex)
(/usr/local/texlive/2015/texmf-dist/tex/generic/pgf/math/pgfmathfunctions.compa
rison.code.tex)
(/usr/local/texlive/2015/texmf-dist/tex/generic/pgf/math/pgfmathfunctions.base.
code.tex)
(/usr/local/texlive/2015/texmf-dist/tex/generic/pgf/math/pgfmathfunctions.round
.code.tex)
(/usr/local/texlive/2015/texmf-dist/tex/generic/pgf/math/pgfmathfunctions.misc.
code.tex)
(/usr/local/texlive/2015/texmf-dist/tex/generic/pgf/math/pgfmathfunctions.integ
erarithmetics.code.tex)))
(/usr/local/texlive/2015/texmf-dist/tex/generic/pgf/math/pgfmathfloat.code.tex
\c@pgfmathroundto@lastzeros=\count142
))
(/usr/local/texlive/2015/texmf-dist/tex/generic/pgf/basiclayer/pgfcorepoints.co
de.tex
File: pgfcorepoints.code.tex 2013/10/07  (rcs-revision 1.27)
\pgf@picminx=\dimen156
\pgf@picmaxx=\dimen157
\pgf@picminy=\dimen158
\pgf@picmaxy=\dimen159
\pgf@pathminx=\dimen160
\pgf@pathmaxx=\dimen161
\pgf@pathminy=\dimen162
\pgf@pathmaxy=\dimen163
\pgf@xx=\dimen164
\pgf@xy=\dimen165
\pgf@yx=\dimen166
\pgf@yy=\dimen167
\pgf@zx=\dimen168
\pgf@zy=\dimen169
)
(/usr/local/texlive/2015/texmf-dist/tex/generic/pgf/basiclayer/pgfcorepathconst
ruct.code.tex
File: pgfcorepathconstruct.code.tex 2013/10/07  (rcs-revision 1.29)
\pgf@path@lastx=\dimen170
\pgf@path@lasty=\dimen171
)
(/usr/local/texlive/2015/texmf-dist/tex/generic/pgf/basiclayer/pgfcorepathusage
.code.tex
File: pgfcorepathusage.code.tex 2013/12/13  (rcs-revision 1.23)
\pgf@shorten@end@additional=\dimen172
\pgf@shorten@start@additional=\dimen173
)
(/usr/local/texlive/2015/texmf-dist/tex/generic/pgf/basiclayer/pgfcorescopes.co
de.tex
File: pgfcorescopes.code.tex 2013/10/09  (rcs-revision 1.44)
\pgfpic=\box45
\pgf@hbox=\box46
\pgf@layerbox@main=\box47
\pgf@picture@serial@count=\count143
)
(/usr/local/texlive/2015/texmf-dist/tex/generic/pgf/basiclayer/pgfcoregraphicst
ate.code.tex
File: pgfcoregraphicstate.code.tex 2013/09/19  (rcs-revision 1.11)
\pgflinewidth=\dimen174
)
(/usr/local/texlive/2015/texmf-dist/tex/generic/pgf/basiclayer/pgfcoretransform
ations.code.tex
File: pgfcoretransformations.code.tex 2013/10/10  (rcs-revision 1.17)
\pgf@pt@x=\dimen175
\pgf@pt@y=\dimen176
\pgf@pt@temp=\dimen177
)
(/usr/local/texlive/2015/texmf-dist/tex/generic/pgf/basiclayer/pgfcorequick.cod
e.tex
File: pgfcorequick.code.tex 2008/10/09  (rcs-revision 1.3)
)
(/usr/local/texlive/2015/texmf-dist/tex/generic/pgf/basiclayer/pgfcoreobjects.c
ode.tex
File: pgfcoreobjects.code.tex 2006/10/11  (rcs-revision 1.2)
)
(/usr/local/texlive/2015/texmf-dist/tex/generic/pgf/basiclayer/pgfcorepathproce
ssing.code.tex
File: pgfcorepathprocessing.code.tex 2013/09/09  (rcs-revision 1.9)
)
(/usr/local/texlive/2015/texmf-dist/tex/generic/pgf/basiclayer/pgfcorearrows.co
de.tex
File: pgfcorearrows.code.tex 2013/11/07  (rcs-revision 1.40)
\pgfarrowsep=\dimen178
)
(/usr/local/texlive/2015/texmf-dist/tex/generic/pgf/basiclayer/pgfcoreshade.cod
e.tex
File: pgfcoreshade.code.tex 2013/07/15  (rcs-revision 1.15)
\pgf@max=\dimen179
\pgf@sys@shading@range@num=\count144
)
(/usr/local/texlive/2015/texmf-dist/tex/generic/pgf/basiclayer/pgfcoreimage.cod
e.tex
File: pgfcoreimage.code.tex 2013/07/15  (rcs-revision 1.18)

(/usr/local/texlive/2015/texmf-dist/tex/generic/pgf/basiclayer/pgfcoreexternal.
code.tex
File: pgfcoreexternal.code.tex 2013/07/15  (rcs-revision 1.20)
\pgfexternal@startupbox=\box48
))
(/usr/local/texlive/2015/texmf-dist/tex/generic/pgf/basiclayer/pgfcorelayers.co
de.tex
File: pgfcorelayers.code.tex 2013/07/18  (rcs-revision 1.7)
)
(/usr/local/texlive/2015/texmf-dist/tex/generic/pgf/basiclayer/pgfcoretranspare
ncy.code.tex
File: pgfcoretransparency.code.tex 2013/09/30  (rcs-revision 1.5)
)
(/usr/local/texlive/2015/texmf-dist/tex/generic/pgf/basiclayer/pgfcorepatterns.
code.tex
File: pgfcorepatterns.code.tex 2013/11/07  (rcs-revision 1.5)
)))
(/usr/local/texlive/2015/texmf-dist/tex/generic/pgf/modules/pgfmoduleshapes.cod
e.tex
File: pgfmoduleshapes.code.tex 2013/10/31  (rcs-revision 1.34)
\pgfnodeparttextbox=\box49
)
(/usr/local/texlive/2015/texmf-dist/tex/generic/pgf/modules/pgfmoduleplot.code.
tex
File: pgfmoduleplot.code.tex 2013/07/31  (rcs-revision 1.12)
)
(/usr/local/texlive/2015/texmf-dist/tex/latex/pgf/compatibility/pgfcomp-version
-0-65.sty
Package: pgfcomp-version-0-65 2007/07/03 v3.0.0 (rcs-revision 1.7)
\pgf@nodesepstart=\dimen180
\pgf@nodesepend=\dimen181
)
(/usr/local/texlive/2015/texmf-dist/tex/latex/pgf/compatibility/pgfcomp-version
-1-18.sty
Package: pgfcomp-version-1-18 2007/07/23 v3.0.0 (rcs-revision 1.1)
))
(/usr/local/texlive/2015/texmf-dist/tex/latex/pgf/utilities/pgffor.sty
(/usr/local/texlive/2015/texmf-dist/tex/latex/pgf/utilities/pgfkeys.sty
(/usr/local/texlive/2015/texmf-dist/tex/generic/pgf/utilities/pgfkeys.code.tex)
) (/usr/local/texlive/2015/texmf-dist/tex/latex/pgf/math/pgfmath.sty
(/usr/local/texlive/2015/texmf-dist/tex/generic/pgf/math/pgfmath.code.tex))
(/usr/local/texlive/2015/texmf-dist/tex/generic/pgf/utilities/pgffor.code.tex
Package: pgffor 2013/12/13 v3.0.0 (rcs-revision 1.25)

(/usr/local/texlive/2015/texmf-dist/tex/generic/pgf/math/pgfmath.code.tex)
\pgffor@iter=\dimen182
\pgffor@skip=\dimen183
\pgffor@stack=\toks38
\pgffor@toks=\toks39
))
(/usr/local/texlive/2015/texmf-dist/tex/generic/pgf/frontendlayer/tikz/tikz.cod
e.tex
Package: tikz 2013/12/13 v3.0.0 (rcs-revision 1.142)

(/usr/local/texlive/2015/texmf-dist/tex/generic/pgf/libraries/pgflibraryplothan
dlers.code.tex
File: pgflibraryplothandlers.code.tex 2013/08/31 v3.0.0 (rcs-revision 1.20)
\pgf@plot@mark@count=\count145
\pgfplotmarksize=\dimen184
)
\tikz@lastx=\dimen185
\tikz@lasty=\dimen186
\tikz@lastxsaved=\dimen187
\tikz@lastysaved=\dimen188
\tikzleveldistance=\dimen189
\tikzsiblingdistance=\dimen190
\tikz@figbox=\box50
\tikz@figbox@bg=\box51
\tikz@tempbox=\box52
\tikz@tempbox@bg=\box53
\tikztreelevel=\count146
\tikznumberofchildren=\count147
\tikznumberofcurrentchild=\count148
\tikz@fig@count=\count149

(/usr/local/texlive/2015/texmf-dist/tex/generic/pgf/modules/pgfmodulematrix.cod
e.tex
File: pgfmodulematrix.code.tex 2013/09/17  (rcs-revision 1.8)
\pgfmatrixcurrentrow=\count150
\pgfmatrixcurrentcolumn=\count151
\pgf@matrix@numberofcolumns=\count152
)
\tikz@expandcount=\count153

(/usr/local/texlive/2015/texmf-dist/tex/generic/pgf/frontendlayer/tikz/librarie
s/tikzlibrarytopaths.code.tex
File: tikzlibrarytopaths.code.tex 2008/06/17 v3.0.0 (rcs-revision 1.2)
)))
(/usr/local/texlive/2015/texmf-dist/tex/latex/mdframed/md-frame-1.mdf
File: md-frame-1.mdf 2013/07/01\ 1.9b: md-frame-1
)
\mdf@frametitlebox=\box54
\mdf@footnotebox=\box55
\mdf@splitbox@one=\box56
\mdf@splitbox@two=\box57
\mdf@splitbox@save=\box58
\mdfsplitboxwidth=\skip97
\mdfsplitboxtotalwidth=\skip98
\mdfsplitboxheight=\skip99
\mdfsplitboxdepth=\skip100
\mdfsplitboxtotalheight=\skip101
\mdfframetitleboxwidth=\skip102
\mdfframetitleboxtotalwidth=\skip103
\mdfframetitleboxheight=\skip104
\mdfframetitleboxdepth=\skip105
\mdfframetitleboxtotalheight=\skip106
\mdffootnoteboxwidth=\skip107
\mdffootnoteboxtotalwidth=\skip108
\mdffootnoteboxheight=\skip109
\mdffootnoteboxdepth=\skip110
\mdffootnoteboxtotalheight=\skip111
\mdftotallinewidth=\skip112
\mdfboundingboxwidth=\skip113
\mdfboundingboxtotalwidth=\skip114
\mdfboundingboxheight=\skip115
\mdfboundingboxdepth=\skip116
\mdfboundingboxtotalheight=\skip117
\mdf@freevspace@length=\skip118
\mdf@horizontalwidthofbox@length=\skip119
\mdf@verticalmarginwhole@length=\skip120
\mdf@horizontalspaceofbox=\skip121
\mdfsubtitleheight=\skip122
\mdfsubsubtitleheight=\skip123
\c@mdfcountframes=\count154

****** mdframed patching \endmdf@trivlist

****** -- success******

.................................................
. LaTeX info: "xparse/define-command"
. 
. Defining command \newmdtheoremenv with sig. 'O{} m o m o ' on line 601.
.................................................
.................................................
. LaTeX info: "xparse/define-command"
. 
. Defining command \mdtheorem with sig. ' O{} m o m o ' on line 701.
.................................................
\mdf@envdepth=\count155
\c@mdf@env@i=\count156
\c@mdf@env@ii=\count157
\c@mdf@zref@counter=\count158
Package zref Info: New property: mdf@pagevalue on input line 895.
)
(/usr/local/texlive/2015/texmf-dist/tex/latex/natbib/natbib.sty
Package: natbib 2010/09/13 8.31b (PWD, AO)
\bibhang=\skip124
\bibsep=\skip125
LaTeX Info: Redefining \cite on input line 694.
\c@NAT@ctr=\count159
)
(/usr/local/texlive/2015/texmf-dist/tex/latex/caption/subcaption.sty
Package: subcaption 2013/02/03 v1.1-62 Sub-captions (AR)

(/usr/local/texlive/2015/texmf-dist/tex/latex/caption/caption.sty
Package: caption 2013/05/02 v3.3-89 Customizing captions (AR)

(/usr/local/texlive/2015/texmf-dist/tex/latex/caption/caption3.sty
Package: caption3 2013/05/02 v1.6-88 caption3 kernel (AR)
Package caption3 Info: TeX engine: e-TeX on input line 57.
\captionmargin=\dimen191
\captionmargin@=\dimen192
\captionwidth=\dimen193
\caption@tempdima=\dimen194
\caption@indent=\dimen195
\caption@parindent=\dimen196
\caption@hangindent=\dimen197
)
\c@ContinuedFloat=\count160
)
\c@subfigure=\count161
\c@subtable=\count162
)
(/usr/local/texlive/2015/texmf-dist/tex/latex/epigraph/epigraph.sty
Package: epigraph 2009/09/02 v1.5c typesetting epigraphs
\beforeepigraphskip=\skip126
\afterepigraphskip=\skip127
\epigraphwidth=\skip128
\epigraphrule=\skip129
)
(/usr/local/texlive/2015/texmf-dist/tex/latex/float/float.sty
Package: float 2001/11/08 v1.3d Float enhancements (AL)
\c@float@type=\count163
\float@exts=\toks40
\float@box=\box59
\@float@everytoks=\toks41
\@floatcapt=\box60
)
(/usr/local/texlive/2015/texmf-dist/tex/latex/hyperref/hyperref.sty
Package: hyperref 2012/11/06 v6.83m Hypertext links for LaTeX

(/usr/local/texlive/2015/texmf-dist/tex/generic/oberdiek/hobsub-hyperref.sty
Package: hobsub-hyperref 2012/05/28 v1.13 Bundle oberdiek, subset hyperref (HO)


(/usr/local/texlive/2015/texmf-dist/tex/generic/oberdiek/hobsub-generic.sty
Package: hobsub-generic 2012/05/28 v1.13 Bundle oberdiek, subset generic (HO)
Package: hobsub 2012/05/28 v1.13 Construct package bundles (HO)
Package hobsub Info: Skipping package `infwarerr' (already loaded).
Package hobsub Info: Skipping package `ltxcmds' (already loaded).
Package hobsub Info: Skipping package `ifluatex' (already loaded).
Package: ifvtex 2010/03/01 v1.5 Detect VTeX and its facilities (HO)
Package ifvtex Info: VTeX not detected.
Package: intcalc 2007/09/27 v1.1 Expandable calculations with integers (HO)
Package hobsub Info: Skipping package `ifpdf' (already loaded).
Package hobsub Info: Skipping package `etexcmds' (already loaded).
Package hobsub Info: Skipping package `kvsetkeys' (already loaded).
Package hobsub Info: Skipping package `kvdefinekeys' (already loaded).
Package hobsub Info: Skipping package `pdftexcmds' (already loaded).
Package: pdfescape 2011/11/25 v1.13 Implements pdfTeX's escape features (HO)
Package: bigintcalc 2012/04/08 v1.3 Expandable calculations on big integers (HO
)
Package: bitset 2011/01/30 v1.1 Handle bit-vector datatype (HO)
Package: uniquecounter 2011/01/30 v1.2 Provide unlimited unique counter (HO)
)
Package hobsub Info: Skipping package `hobsub' (already loaded).
Package: letltxmacro 2010/09/02 v1.4 Let assignment for LaTeX macros (HO)
Package: hopatch 2012/05/28 v1.2 Wrapper for package hooks (HO)
Package: xcolor-patch 2011/01/30 xcolor patch
Package: atveryend 2011/06/30 v1.8 Hooks at the very end of document (HO)
Package hobsub Info: Skipping package `atbegshi' (already loaded).
Package: refcount 2011/10/16 v3.4 Data extraction from label references (HO)
Package: hycolor 2011/01/30 v1.7 Color options for hyperref/bookmark (HO)
)
(/usr/local/texlive/2015/texmf-dist/tex/generic/ifxetex/ifxetex.sty
Package: ifxetex 2010/09/12 v0.6 Provides ifxetex conditional
)
\@linkdim=\dimen198
\Hy@linkcounter=\count164
\Hy@pagecounter=\count165

(/usr/local/texlive/2015/texmf-dist/tex/latex/hyperref/pd1enc.def
File: pd1enc.def 2012/11/06 v6.83m Hyperref: PDFDocEncoding definition (HO)
Now handling font encoding PD1 ...
... no UTF-8 mapping file for font encoding PD1
)
\Hy@SavedSpaceFactor=\count166

(/usr/local/texlive/2015/texmf-dist/tex/latex/latexconfig/hyperref.cfg
File: hyperref.cfg 2002/06/06 v1.2 hyperref configuration of TeXLive
)
Package hyperref Info: Hyper figures OFF on input line 4443.
Package hyperref Info: Link nesting OFF on input line 4448.
Package hyperref Info: Hyper index ON on input line 4451.
Package hyperref Info: Plain pages OFF on input line 4458.
Package hyperref Info: Backreferencing OFF on input line 4463.
Package hyperref Info: Implicit mode ON; LaTeX internals redefined.
Package hyperref Info: Bookmarks ON on input line 4688.
\c@Hy@tempcnt=\count167

(/usr/local/texlive/2015/texmf-dist/tex/latex/url/url.sty
\Urlmuskip=\muskip17
Package: url 2013/09/16  ver 3.4  Verb mode for urls, etc.
)
LaTeX Info: Redefining \url on input line 5041.
\XeTeXLinkMargin=\dimen199
\Fld@menulength=\count168
\Field@Width=\dimen200
\Fld@charsize=\dimen201
Package hyperref Info: Hyper figures OFF on input line 6295.
Package hyperref Info: Link nesting OFF on input line 6300.
Package hyperref Info: Hyper index ON on input line 6303.
Package hyperref Info: backreferencing OFF on input line 6310.
Package hyperref Info: Link coloring OFF on input line 6315.
Package hyperref Info: Link coloring with OCG OFF on input line 6320.
Package hyperref Info: PDF/A mode OFF on input line 6325.
LaTeX Info: Redefining \ref on input line 6365.
LaTeX Info: Redefining \pageref on input line 6369.
\Hy@abspage=\count169
\c@Item=\count170
\c@Hfootnote=\count171
)

Package hyperref Message: Driver (autodetected): hpdftex.

(/usr/local/texlive/2015/texmf-dist/tex/latex/hyperref/hpdftex.def
File: hpdftex.def 2012/11/06 v6.83m Hyperref driver for pdfTeX
\HyAnn@Count=\count172
\Fld@listcount=\count173
\c@bookmark@seq@number=\count174

(/usr/local/texlive/2015/texmf-dist/tex/latex/oberdiek/rerunfilecheck.sty
Package: rerunfilecheck 2011/04/15 v1.7 Rerun checks for auxiliary files (HO)
Package uniquecounter Info: New unique counter `rerunfilecheck' on input line 2
82.
)
\Hy@SectionHShift=\skip130
)
(/usr/local/texlive/2015/texmf-dist/tex/generic/pgf/frontendlayer/tikz/librarie
s/tikzlibrarycalc.code.tex
File: tikzlibrarycalc.code.tex 2013/07/15 v3.0.0 (rcs-revision 1.9)
)
(/usr/local/texlive/2015/texmf-dist/tex/generic/pgf/frontendlayer/tikz/librarie
s/tikzlibraryshapes.code.tex
File: tikzlibraryshapes.code.tex 2008/01/09 v3.0.0 (rcs-revision 1.1)

(/usr/local/texlive/2015/texmf-dist/tex/generic/pgf/frontendlayer/tikz/librarie
s/tikzlibraryshapes.geometric.code.tex
File: tikzlibraryshapes.geometric.code.tex 2008/01/09 v3.0.0 (rcs-revision 1.1)


(/usr/local/texlive/2015/texmf-dist/tex/generic/pgf/libraries/shapes/pgflibrary
shapes.geometric.code.tex
File: pgflibraryshapes.geometric.code.tex 2008/06/26 v3.0.0 (rcs-revision 1.1)
))
(/usr/local/texlive/2015/texmf-dist/tex/generic/pgf/frontendlayer/tikz/librarie
s/tikzlibraryshapes.misc.code.tex
File: tikzlibraryshapes.misc.code.tex 2008/01/09 v3.0.0 (rcs-revision 1.1)

(/usr/local/texlive/2015/texmf-dist/tex/generic/pgf/libraries/shapes/pgflibrary
shapes.misc.code.tex
File: pgflibraryshapes.misc.code.tex 2013/07/18 v3.0.0 (rcs-revision 1.5)
))
(/usr/local/texlive/2015/texmf-dist/tex/generic/pgf/frontendlayer/tikz/librarie
s/tikzlibraryshapes.symbols.code.tex
File: tikzlibraryshapes.symbols.code.tex 2008/01/09 v3.0.0 (rcs-revision 1.1)

(/usr/local/texlive/2015/texmf-dist/tex/generic/pgf/libraries/shapes/pgflibrary
shapes.symbols.code.tex
File: pgflibraryshapes.symbols.code.tex 2013/09/11 v3.0.0 (rcs-revision 1.6)
))
(/usr/local/texlive/2015/texmf-dist/tex/generic/pgf/frontendlayer/tikz/librarie
s/tikzlibraryshapes.arrows.code.tex
File: tikzlibraryshapes.arrows.code.tex 2008/01/09 v3.0.0 (rcs-revision 1.1)

(/usr/local/texlive/2015/texmf-dist/tex/generic/pgf/libraries/shapes/pgflibrary
shapes.arrows.code.tex
File: pgflibraryshapes.arrows.code.tex 2008/06/26 v3.0.0 (rcs-revision 1.1)
))
(/usr/local/texlive/2015/texmf-dist/tex/generic/pgf/frontendlayer/tikz/librarie
s/tikzlibraryshapes.callouts.code.tex
(/usr/local/texlive/2015/texmf-dist/tex/generic/pgf/libraries/shapes/pgflibrary
shapes.callouts.code.tex))
(/usr/local/texlive/2015/texmf-dist/tex/generic/pgf/frontendlayer/tikz/librarie
s/tikzlibraryshapes.multipart.code.tex
File: tikzlibraryshapes.multipart.code.tex 2008/01/09 v3.0.0 (rcs-revision 1.1)


(/usr/local/texlive/2015/texmf-dist/tex/generic/pgf/libraries/shapes/pgflibrary
shapes.multipart.code.tex
File: pgflibraryshapes.multipart.code.tex 2010/01/07 v3.0.0 (rcs-revision 1.2)
\pgfnodepartlowerbox=\box61
\pgfnodeparttwobox=\box62
\pgfnodepartthreebox=\box63
\pgfnodepartfourbox=\box64
\pgfnodeparttwentybox=\box65
\pgfnodepartnineteenbox=\box66
\pgfnodeparteighteenbox=\box67
\pgfnodepartseventeenbox=\box68
\pgfnodepartsixteenbox=\box69
\pgfnodepartfifteenbox=\box70
\pgfnodepartfourteenbox=\box71
\pgfnodepartthirteenbox=\box72
\pgfnodeparttwelvebox=\box73
\pgfnodepartelevenbox=\box74
\pgfnodeparttenbox=\box75
\pgfnodepartninebox=\box76
\pgfnodeparteightbox=\box77
\pgfnodepartsevenbox=\box78
\pgfnodepartsixbox=\box79
\pgfnodepartfivebox=\box80
)))
(/usr/local/texlive/2015/texmf-dist/tex/generic/pgf/frontendlayer/tikz/librarie
s/tikzlibrarypositioning.code.tex
File: tikzlibrarypositioning.code.tex 2008/10/06 v3.0.0 (rcs-revision 1.7)
)
\c@relationship=\count175
 (./conv_arithmetic.aux)
\openout1 = `conv_arithmetic.aux'.

LaTeX Font Info:    Checking defaults for OML/cmm/m/it on input line 61.
LaTeX Font Info:    ... okay on input line 61.
LaTeX Font Info:    Checking defaults for T1/cmr/m/n on input line 61.
LaTeX Font Info:    ... okay on input line 61.
LaTeX Font Info:    Checking defaults for OT1/cmr/m/n on input line 61.
LaTeX Font Info:    ... okay on input line 61.
LaTeX Font Info:    Checking defaults for OMS/cmsy/m/n on input line 61.
LaTeX Font Info:    ... okay on input line 61.
LaTeX Font Info:    Checking defaults for OMX/cmex/m/n on input line 61.
LaTeX Font Info:    ... okay on input line 61.
LaTeX Font Info:    Checking defaults for U/cmr/m/n on input line 61.
LaTeX Font Info:    ... okay on input line 61.
LaTeX Font Info:    Checking defaults for PD1/pdf/m/n on input line 61.
LaTeX Font Info:    ... okay on input line 61.

(/usr/local/texlive/2015/texmf-dist/tex/context/base/supp-pdf.mkii
[Loading MPS to PDF converter (version 2006.09.02).]
\scratchcounter=\count176
\scratchdimen=\dimen202
\scratchbox=\box81
\nofMPsegments=\count177
\nofMParguments=\count178
\everyMPshowfont=\toks42
\MPscratchCnt=\count179
\MPscratchDim=\dimen203
\MPnumerator=\count180
\makeMPintoPDFobject=\count181
\everyMPtoPDFconversion=\toks43
) (/usr/local/texlive/2015/texmf-dist/tex/latex/oberdiek/epstopdf-base.sty
Package: epstopdf-base 2010/02/09 v2.5 Base part for package epstopdf

(/usr/local/texlive/2015/texmf-dist/tex/latex/oberdiek/grfext.sty
Package: grfext 2010/08/19 v1.1 Manage graphics extensions (HO)
)
Package grfext Info: Graphics extension search list:
(grfext)             [.png,.pdf,.jpg,.mps,.jpeg,.jbig2,.jb2,.PNG,.PDF,.JPG,.JPE
G,.JBIG2,.JB2,.eps]
(grfext)             \AppendGraphicsExtensions on input line 452.

(/usr/local/texlive/2015/texmf-dist/tex/latex/latexconfig/epstopdf-sys.cfg
File: epstopdf-sys.cfg 2010/07/13 v1.3 Configuration of (r)epstopdf for TeX Liv
e
))
\AtBeginShipoutBox=\box82

ABD: EveryShipout initializing macros
Package caption Info: Begin \AtBeginDocument code.
Package caption Info: float package is loaded.
Package caption Info: hyperref package is loaded.
Package caption Info: End \AtBeginDocument code.
Package hyperref Info: Link coloring OFF on input line 61.

(/usr/local/texlive/2015/texmf-dist/tex/latex/hyperref/nameref.sty
Package: nameref 2012/10/27 v2.43 Cross-referencing by name of section

(/usr/local/texlive/2015/texmf-dist/tex/generic/oberdiek/gettitlestring.sty
Package: gettitlestring 2010/12/03 v1.4 Cleanup title references (HO)
)
\c@section@level=\count182
)
LaTeX Info: Redefining \ref on input line 61.
LaTeX Info: Redefining \pageref on input line 61.
LaTeX Info: Redefining \nameref on input line 61.

(./conv_arithmetic.out) (./conv_arithmetic.out)
\@outlinefile=\write4
\openout4 = `conv_arithmetic.out'.

LaTeX Font Info:    Try loading font information for U+msa on input line 64.

(/usr/local/texlive/2015/texmf-dist/tex/latex/amsfonts/umsa.fd
File: umsa.fd 2013/01/14 v3.01 AMS symbols A
)
LaTeX Font Info:    Try loading font information for U+msb on input line 64.

(/usr/local/texlive/2015/texmf-dist/tex/latex/amsfonts/umsb.fd
File: umsb.fd 2013/01/14 v3.01 AMS symbols B
) [1

{/usr/local/texlive/2015/texmf-var/fonts/map/pdftex/updmap/pdftex.map}] [2

]
LaTeX Font Info:    Try loading font information for T1+cmtt on input line 79.

(/usr/local/texlive/2015/texmf-dist/tex/latex/base/t1cmtt.fd
File: t1cmtt.fd 2014/09/29 v2.5h Standard LaTeX font definitions
) [3

]
(./conv_arithmetic.toc)
\tf@toc=\write5
\openout5 = `conv_arithmetic.toc'.

 [4

]
Chapter 1.

Overfull \hbox (1.97696pt too wide) in paragraph at lines 131--134
[]\T1/cmr/m/n/10 Provide an in-tu-itive un-der-stand-ing of the re-la-tion-ship
 be-tween in-put shape,
 []

[5

]
LaTeX Font Info:    Try loading font information for OMS+cmr on input line 160.

 (/usr/local/texlive/2015/texmf-dist/tex/latex/base/omscmr.fd
File: omscmr.fd 2014/09/29 v2.5h Standard LaTeX font definitions
)
LaTeX Font Info:    Font shape `OMS/cmr/m/n' in size <10> not available
(Font)              Font shape `OMS/cmsy/m/n' tried instead on input line 160.

<pdf/numerical_no_padding_no_strides_00.pdf, id=205, 162.26422pt x 105.35861pt>
File: pdf/numerical_no_padding_no_strides_00.pdf Graphic file (type pdf)
<use pdf/numerical_no_padding_no_strides_00.pdf>
Package pdftex.def Info: pdf/numerical_no_padding_no_strides_00.pdf used on inp
ut line 207.
(pdftex.def)             Requested size: 110.40253pt x 71.68631pt.

<pdf/numerical_no_padding_no_strides_01.pdf, id=206, 162.26422pt x 105.35861pt>
File: pdf/numerical_no_padding_no_strides_01.pdf Graphic file (type pdf)
<use pdf/numerical_no_padding_no_strides_01.pdf>
Package pdftex.def Info: pdf/numerical_no_padding_no_strides_01.pdf used on inp
ut line 208.
(pdftex.def)             Requested size: 110.40253pt x 71.68631pt.

<pdf/numerical_no_padding_no_strides_02.pdf, id=207, 162.26422pt x 105.35861pt>
File: pdf/numerical_no_padding_no_strides_02.pdf Graphic file (type pdf)
<use pdf/numerical_no_padding_no_strides_02.pdf>
Package pdftex.def Info: pdf/numerical_no_padding_no_strides_02.pdf used on inp
ut line 209.
(pdftex.def)             Requested size: 110.40253pt x 71.68631pt.

<pdf/numerical_no_padding_no_strides_03.pdf, id=208, 162.26422pt x 105.35861pt>
File: pdf/numerical_no_padding_no_strides_03.pdf Graphic file (type pdf)
<use pdf/numerical_no_padding_no_strides_03.pdf>
Package pdftex.def Info: pdf/numerical_no_padding_no_strides_03.pdf used on inp
ut line 210.
(pdftex.def)             Requested size: 110.40253pt x 71.68631pt.

<pdf/numerical_no_padding_no_strides_04.pdf, id=209, 162.26422pt x 105.35861pt>
File: pdf/numerical_no_padding_no_strides_04.pdf Graphic file (type pdf)
<use pdf/numerical_no_padding_no_strides_04.pdf>
Package pdftex.def Info: pdf/numerical_no_padding_no_strides_04.pdf used on inp
ut line 211.
(pdftex.def)             Requested size: 110.40253pt x 71.68631pt.

<pdf/numerical_no_padding_no_strides_05.pdf, id=210, 162.26422pt x 105.35861pt>
File: pdf/numerical_no_padding_no_strides_05.pdf Graphic file (type pdf)
<use pdf/numerical_no_padding_no_strides_05.pdf>
Package pdftex.def Info: pdf/numerical_no_padding_no_strides_05.pdf used on inp
ut line 212.
(pdftex.def)             Requested size: 110.40253pt x 71.68631pt.

<pdf/numerical_no_padding_no_strides_06.pdf, id=211, 162.26422pt x 109.62657pt>
File: pdf/numerical_no_padding_no_strides_06.pdf Graphic file (type pdf)
<use pdf/numerical_no_padding_no_strides_06.pdf>
Package pdftex.def Info: pdf/numerical_no_padding_no_strides_06.pdf used on inp
ut line 213.
(pdftex.def)             Requested size: 110.40253pt x 74.59024pt.

<pdf/numerical_no_padding_no_strides_07.pdf, id=212, 162.26422pt x 109.62657pt>
File: pdf/numerical_no_padding_no_strides_07.pdf Graphic file (type pdf)
<use pdf/numerical_no_padding_no_strides_07.pdf>
Package pdftex.def Info: pdf/numerical_no_padding_no_strides_07.pdf used on inp
ut line 214.
(pdftex.def)             Requested size: 110.40253pt x 74.59024pt.

<pdf/numerical_no_padding_no_strides_08.pdf, id=213, 162.26422pt x 109.62657pt>
File: pdf/numerical_no_padding_no_strides_08.pdf Graphic file (type pdf)
<use pdf/numerical_no_padding_no_strides_08.pdf>
Package pdftex.def Info: pdf/numerical_no_padding_no_strides_08.pdf used on inp
ut line 215.
(pdftex.def)             Requested size: 110.40253pt x 74.59024pt.

<pdf/numerical_padding_strides_00.pdf, id=214, 190.7165pt x 133.81093pt>
File: pdf/numerical_padding_strides_00.pdf Graphic file (type pdf)

<use pdf/numerical_padding_strides_00.pdf>
Package pdftex.def Info: pdf/numerical_padding_strides_00.pdf used on input lin
e 222.
(pdftex.def)             Requested size: 110.40253pt x 77.46133pt.

<pdf/numerical_padding_strides_01.pdf, id=215, 190.7165pt x 133.81093pt>
File: pdf/numerical_padding_strides_01.pdf Graphic file (type pdf)

<use pdf/numerical_padding_strides_01.pdf>
Package pdftex.def Info: pdf/numerical_padding_strides_01.pdf used on input lin
e 223.
(pdftex.def)             Requested size: 110.40253pt x 77.46133pt.

<pdf/numerical_padding_strides_02.pdf, id=216, 190.7165pt x 133.81093pt>
File: pdf/numerical_padding_strides_02.pdf Graphic file (type pdf)

<use pdf/numerical_padding_strides_02.pdf>
Package pdftex.def Info: pdf/numerical_padding_strides_02.pdf used on input lin
e 224.
(pdftex.def)             Requested size: 110.40253pt x 77.46133pt.

<pdf/numerical_padding_strides_03.pdf, id=217, 190.7165pt x 133.81093pt>
File: pdf/numerical_padding_strides_03.pdf Graphic file (type pdf)

<use pdf/numerical_padding_strides_03.pdf>
Package pdftex.def Info: pdf/numerical_padding_strides_03.pdf used on input lin
e 225.
(pdftex.def)             Requested size: 110.40253pt x 77.46133pt.

<pdf/numerical_padding_strides_04.pdf, id=218, 190.7165pt x 133.81093pt>
File: pdf/numerical_padding_strides_04.pdf Graphic file (type pdf)

<use pdf/numerical_padding_strides_04.pdf>
Package pdftex.def Info: pdf/numerical_padding_strides_04.pdf used on input lin
e 226.
(pdftex.def)             Requested size: 110.40253pt x 77.46133pt.

<pdf/numerical_padding_strides_05.pdf, id=219, 190.7165pt x 133.81093pt>
File: pdf/numerical_padding_strides_05.pdf Graphic file (type pdf)

<use pdf/numerical_padding_strides_05.pdf>
Package pdftex.def Info: pdf/numerical_padding_strides_05.pdf used on input lin
e 227.
(pdftex.def)             Requested size: 110.40253pt x 77.46133pt.

<pdf/numerical_padding_strides_06.pdf, id=220, 190.7165pt x 138.07886pt>
File: pdf/numerical_padding_strides_06.pdf Graphic file (type pdf)

<use pdf/numerical_padding_strides_06.pdf>
Package pdftex.def Info: pdf/numerical_padding_strides_06.pdf used on input lin
e 228.
(pdftex.def)             Requested size: 110.40253pt x 79.93198pt.

<pdf/numerical_padding_strides_07.pdf, id=221, 190.7165pt x 138.07886pt>
File: pdf/numerical_padding_strides_07.pdf Graphic file (type pdf)

<use pdf/numerical_padding_strides_07.pdf>
Package pdftex.def Info: pdf/numerical_padding_strides_07.pdf used on input lin
e 229.
(pdftex.def)             Requested size: 110.40253pt x 79.93198pt.

<pdf/numerical_padding_strides_08.pdf, id=222, 190.7165pt x 138.07886pt>
File: pdf/numerical_padding_strides_08.pdf Graphic file (type pdf)

<use pdf/numerical_padding_strides_08.pdf>
Package pdftex.def Info: pdf/numerical_padding_strides_08.pdf used on input lin
e 230.
(pdftex.def)             Requested size: 110.40253pt x 79.93198pt.
 [6] [7 <./pdf/numerical_no_padding_no_strides_00.pdf> <./pdf/numerical_no_padd
ing_no_strides_01.pdf> <./pdf/numerical_no_padding_no_strides_02.pdf> <./pdf/nu
merical_no_padding_no_strides_03.pdf> <./pdf/numerical_no_padding_no_strides_04
.pdf> <./pdf/numerical_no_padding_no_strides_05.pdf> <./pdf/numerical_no_paddin
g_no_strides_06.pdf> <./pdf/numerical_no_padding_no_strides_07.pdf> <./pdf/nume
rical_no_padding_no_strides_08.pdf> <./pdf/numerical_padding_strides_00.pdf> <.
/pdf/numerical_padding_strides_01.pdf> <./pdf/numerical_padding_strides_02.pdf>
 <./pdf/numerical_padding_strides_03.pdf> <./pdf/numerical_padding_strides_04.p
df> <./pdf/numerical_padding_strides_05.pdf> <./pdf/numerical_padding_strides_0
6.pdf> <./pdf/numerical_padding_strides_07.pdf> <./pdf/numerical_padding_stride
s_08.pdf>] [8] [9]
<pdf/numerical_average_pooling_00.pdf, id=400, 162.26422pt x 105.35861pt>
File: pdf/numerical_average_pooling_00.pdf Graphic file (type pdf)

<use pdf/numerical_average_pooling_00.pdf>
Package pdftex.def Info: pdf/numerical_average_pooling_00.pdf used on input lin
e 425.
(pdftex.def)             Requested size: 110.40253pt x 71.68631pt.

<pdf/numerical_average_pooling_01.pdf, id=401, 162.26422pt x 105.35861pt>
File: pdf/numerical_average_pooling_01.pdf Graphic file (type pdf)

<use pdf/numerical_average_pooling_01.pdf>
Package pdftex.def Info: pdf/numerical_average_pooling_01.pdf used on input lin
e 426.
(pdftex.def)             Requested size: 110.40253pt x 71.68631pt.

<pdf/numerical_average_pooling_02.pdf, id=402, 162.26422pt x 105.35861pt>
File: pdf/numerical_average_pooling_02.pdf Graphic file (type pdf)

<use pdf/numerical_average_pooling_02.pdf>
Package pdftex.def Info: pdf/numerical_average_pooling_02.pdf used on input lin
e 427.
(pdftex.def)             Requested size: 110.40253pt x 71.68631pt.

<pdf/numerical_average_pooling_03.pdf, id=403, 162.26422pt x 105.35861pt>
File: pdf/numerical_average_pooling_03.pdf Graphic file (type pdf)

<use pdf/numerical_average_pooling_03.pdf>
Package pdftex.def Info: pdf/numerical_average_pooling_03.pdf used on input lin
e 428.
(pdftex.def)             Requested size: 110.40253pt x 71.68631pt.

<pdf/numerical_average_pooling_04.pdf, id=404, 162.26422pt x 105.35861pt>
File: pdf/numerical_average_pooling_04.pdf Graphic file (type pdf)

<use pdf/numerical_average_pooling_04.pdf>
Package pdftex.def Info: pdf/numerical_average_pooling_04.pdf used on input lin
e 429.
(pdftex.def)             Requested size: 110.40253pt x 71.68631pt.

<pdf/numerical_average_pooling_05.pdf, id=405, 162.26422pt x 105.35861pt>
File: pdf/numerical_average_pooling_05.pdf Graphic file (type pdf)

<use pdf/numerical_average_pooling_05.pdf>
Package pdftex.def Info: pdf/numerical_average_pooling_05.pdf used on input lin
e 430.
(pdftex.def)             Requested size: 110.40253pt x 71.68631pt.

<pdf/numerical_average_pooling_06.pdf, id=406, 162.26422pt x 105.35861pt>
File: pdf/numerical_average_pooling_06.pdf Graphic file (type pdf)

<use pdf/numerical_average_pooling_06.pdf>
Package pdftex.def Info: pdf/numerical_average_pooling_06.pdf used on input lin
e 431.
(pdftex.def)             Requested size: 110.40253pt x 71.68631pt.

<pdf/numerical_average_pooling_07.pdf, id=407, 162.26422pt x 105.35861pt>
File: pdf/numerical_average_pooling_07.pdf Graphic file (type pdf)

<use pdf/numerical_average_pooling_07.pdf>
Package pdftex.def Info: pdf/numerical_average_pooling_07.pdf used on input lin
e 432.
(pdftex.def)             Requested size: 110.40253pt x 71.68631pt.

<pdf/numerical_average_pooling_08.pdf, id=408, 162.26422pt x 105.35861pt>
File: pdf/numerical_average_pooling_08.pdf Graphic file (type pdf)

<use pdf/numerical_average_pooling_08.pdf>
Package pdftex.def Info: pdf/numerical_average_pooling_08.pdf used on input lin
e 433.
(pdftex.def)             Requested size: 110.40253pt x 71.68631pt.

<pdf/numerical_max_pooling_00.pdf, id=409, 162.26422pt x 105.35861pt>
File: pdf/numerical_max_pooling_00.pdf Graphic file (type pdf)

<use pdf/numerical_max_pooling_00.pdf>
Package pdftex.def Info: pdf/numerical_max_pooling_00.pdf used on input line 44
1.
(pdftex.def)             Requested size: 110.40253pt x 71.68631pt.

<pdf/numerical_max_pooling_01.pdf, id=410, 162.26422pt x 105.35861pt>
File: pdf/numerical_max_pooling_01.pdf Graphic file (type pdf)

<use pdf/numerical_max_pooling_01.pdf>
Package pdftex.def Info: pdf/numerical_max_pooling_01.pdf used on input line 44
2.
(pdftex.def)             Requested size: 110.40253pt x 71.68631pt.

<pdf/numerical_max_pooling_02.pdf, id=411, 162.26422pt x 105.35861pt>
File: pdf/numerical_max_pooling_02.pdf Graphic file (type pdf)

<use pdf/numerical_max_pooling_02.pdf>
Package pdftex.def Info: pdf/numerical_max_pooling_02.pdf used on input line 44
3.
(pdftex.def)             Requested size: 110.40253pt x 71.68631pt.

<pdf/numerical_max_pooling_03.pdf, id=412, 162.26422pt x 105.35861pt>
File: pdf/numerical_max_pooling_03.pdf Graphic file (type pdf)

<use pdf/numerical_max_pooling_03.pdf>
Package pdftex.def Info: pdf/numerical_max_pooling_03.pdf used on input line 44
4.
(pdftex.def)             Requested size: 110.40253pt x 71.68631pt.

<pdf/numerical_max_pooling_04.pdf, id=413, 162.26422pt x 105.35861pt>
File: pdf/numerical_max_pooling_04.pdf Graphic file (type pdf)

<use pdf/numerical_max_pooling_04.pdf>
Package pdftex.def Info: pdf/numerical_max_pooling_04.pdf used on input line 44
5.
(pdftex.def)             Requested size: 110.40253pt x 71.68631pt.

<pdf/numerical_max_pooling_05.pdf, id=414, 162.26422pt x 105.35861pt>
File: pdf/numerical_max_pooling_05.pdf Graphic file (type pdf)

<use pdf/numerical_max_pooling_05.pdf>
Package pdftex.def Info: pdf/numerical_max_pooling_05.pdf used on input line 44
6.
(pdftex.def)             Requested size: 110.40253pt x 71.68631pt.

<pdf/numerical_max_pooling_06.pdf, id=415, 162.26422pt x 105.35861pt>
File: pdf/numerical_max_pooling_06.pdf Graphic file (type pdf)

<use pdf/numerical_max_pooling_06.pdf>
Package pdftex.def Info: pdf/numerical_max_pooling_06.pdf used on input line 44
7.
(pdftex.def)             Requested size: 110.40253pt x 71.68631pt.

<pdf/numerical_max_pooling_07.pdf, id=416, 162.26422pt x 105.35861pt>
File: pdf/numerical_max_pooling_07.pdf Graphic file (type pdf)

<use pdf/numerical_max_pooling_07.pdf>
Package pdftex.def Info: pdf/numerical_max_pooling_07.pdf used on input line 44
8.
(pdftex.def)             Requested size: 110.40253pt x 71.68631pt.

<pdf/numerical_max_pooling_08.pdf, id=417, 162.26422pt x 105.35861pt>
File: pdf/numerical_max_pooling_08.pdf Graphic file (type pdf)

<use pdf/numerical_max_pooling_08.pdf>
Package pdftex.def Info: pdf/numerical_max_pooling_08.pdf used on input line 44
9.
(pdftex.def)             Requested size: 110.40253pt x 71.68631pt.
 [10] [11 <./pdf/numerical_average_pooling_00.pdf> <./pdf/numerical_average_poo
ling_01.pdf> <./pdf/numerical_average_pooling_02.pdf> <./pdf/numerical_average_
pooling_03.pdf> <./pdf/numerical_average_pooling_04.pdf> <./pdf/numerical_avera
ge_pooling_05.pdf> <./pdf/numerical_average_pooling_06.pdf> <./pdf/numerical_av
erage_pooling_07.pdf> <./pdf/numerical_average_pooling_08.pdf> <./pdf/numerical
_max_pooling_00.pdf> <./pdf/numerical_max_pooling_01.pdf> <./pdf/numerical_max_
pooling_02.pdf> <./pdf/numerical_max_pooling_03.pdf> <./pdf/numerical_max_pooli
ng_04.pdf> <./pdf/numerical_max_pooling_05.pdf> <./pdf/numerical_max_pooling_06
.pdf> <./pdf/numerical_max_pooling_07.pdf> <./pdf/numerical_max_pooling_08.pdf>
]
Chapter 2.
Package mdframed Info: mdframed detected package amsthm 
 changed the theorem header of amsthm
(mdframed)              on input line 491.
[12

] <pdf/no_padding_no_strides_00.pdf, id=564, 117.53812pt x 124.6507pt>
File: pdf/no_padding_no_strides_00.pdf Graphic file (type pdf)

<use pdf/no_padding_no_strides_00.pdf>
Package pdftex.def Info: pdf/no_padding_no_strides_00.pdf used on input line 50
0.
(pdftex.def)             Requested size: 82.8019pt x 87.81596pt.

<pdf/no_padding_no_strides_01.pdf, id=565, 117.53812pt x 124.6527pt>
File: pdf/no_padding_no_strides_01.pdf Graphic file (type pdf)

<use pdf/no_padding_no_strides_01.pdf>
Package pdftex.def Info: pdf/no_padding_no_strides_01.pdf used on input line 50
1.
(pdftex.def)             Requested size: 82.8019pt x 87.81738pt.

<pdf/no_padding_no_strides_02.pdf, id=566, 117.53812pt x 124.6507pt>
File: pdf/no_padding_no_strides_02.pdf Graphic file (type pdf)

<use pdf/no_padding_no_strides_02.pdf>
Package pdftex.def Info: pdf/no_padding_no_strides_02.pdf used on input line 50
2.
(pdftex.def)             Requested size: 82.8019pt x 87.81596pt.

<pdf/no_padding_no_strides_03.pdf, id=567, 117.53812pt x 124.6507pt>
File: pdf/no_padding_no_strides_03.pdf Graphic file (type pdf)

<use pdf/no_padding_no_strides_03.pdf>
Package pdftex.def Info: pdf/no_padding_no_strides_03.pdf used on input line 50
3.
(pdftex.def)             Requested size: 82.8019pt x 87.81596pt.

<pdf/arbitrary_padding_no_strides_00.pdf, id=568, 238.46089pt x 261.22493pt>
File: pdf/arbitrary_padding_no_strides_00.pdf Graphic file (type pdf)

<use pdf/arbitrary_padding_no_strides_00.pdf>
Package pdftex.def Info: pdf/arbitrary_padding_no_strides_00.pdf used on input 
line 511.
(pdftex.def)             Requested size: 82.8019pt x 90.70862pt.

<pdf/arbitrary_padding_no_strides_01.pdf, id=569, 238.46089pt x 261.22493pt>
File: pdf/arbitrary_padding_no_strides_01.pdf Graphic file (type pdf)

<use pdf/arbitrary_padding_no_strides_01.pdf>
Package pdftex.def Info: pdf/arbitrary_padding_no_strides_01.pdf used on input 
line 512.
(pdftex.def)             Requested size: 82.8019pt x 90.70862pt.

<pdf/arbitrary_padding_no_strides_02.pdf, id=570, 238.46089pt x 261.22493pt>
File: pdf/arbitrary_padding_no_strides_02.pdf Graphic file (type pdf)

<use pdf/arbitrary_padding_no_strides_02.pdf>
Package pdftex.def Info: pdf/arbitrary_padding_no_strides_02.pdf used on input 
line 513.
(pdftex.def)             Requested size: 82.8019pt x 90.70862pt.

<pdf/arbitrary_padding_no_strides_03.pdf, id=571, 238.46089pt x 261.22493pt>
File: pdf/arbitrary_padding_no_strides_03.pdf Graphic file (type pdf)

<use pdf/arbitrary_padding_no_strides_03.pdf>
Package pdftex.def Info: pdf/arbitrary_padding_no_strides_03.pdf used on input 
line 514.
(pdftex.def)             Requested size: 82.8019pt x 90.70862pt.

<pdf/same_padding_no_strides_00.pdf, id=572, 190.0922pt x 216.41151pt>
File: pdf/same_padding_no_strides_00.pdf Graphic file (type pdf)

<use pdf/same_padding_no_strides_00.pdf>
Package pdftex.def Info: pdf/same_padding_no_strides_00.pdf used on input line 
523.
(pdftex.def)             Requested size: 82.8019pt x 94.26703pt.

<pdf/same_padding_no_strides_01.pdf, id=573, 190.0922pt x 216.41151pt>
File: pdf/same_padding_no_strides_01.pdf Graphic file (type pdf)

<use pdf/same_padding_no_strides_01.pdf>
Package pdftex.def Info: pdf/same_padding_no_strides_01.pdf used on input line 
524.
(pdftex.def)             Requested size: 82.8019pt x 94.26703pt.

<pdf/same_padding_no_strides_02.pdf, id=574, 190.0922pt x 216.41151pt>
File: pdf/same_padding_no_strides_02.pdf Graphic file (type pdf)

<use pdf/same_padding_no_strides_02.pdf>
Package pdftex.def Info: pdf/same_padding_no_strides_02.pdf used on input line 
525.
(pdftex.def)             Requested size: 82.8019pt x 94.26703pt.

<pdf/same_padding_no_strides_03.pdf, id=575, 190.0922pt x 216.41151pt>
File: pdf/same_padding_no_strides_03.pdf Graphic file (type pdf)

<use pdf/same_padding_no_strides_03.pdf>
Package pdftex.def Info: pdf/same_padding_no_strides_03.pdf used on input line 
526.
(pdftex.def)             Requested size: 82.8019pt x 94.26703pt.

<pdf/full_padding_no_strides_00.pdf, id=576, 238.46089pt x 277.58607pt>
File: pdf/full_padding_no_strides_00.pdf Graphic file (type pdf)

<use pdf/full_padding_no_strides_00.pdf>
Package pdftex.def Info: pdf/full_padding_no_strides_00.pdf used on input line 
534.
(pdftex.def)             Requested size: 82.8019pt x 96.38992pt.

<pdf/full_padding_no_strides_01.pdf, id=577, 238.46089pt x 277.58607pt>
File: pdf/full_padding_no_strides_01.pdf Graphic file (type pdf)

<use pdf/full_padding_no_strides_01.pdf>
Package pdftex.def Info: pdf/full_padding_no_strides_01.pdf used on input line 
535.
(pdftex.def)             Requested size: 82.8019pt x 96.38992pt.

<pdf/full_padding_no_strides_02.pdf, id=578, 238.46089pt x 277.58607pt>
File: pdf/full_padding_no_strides_02.pdf Graphic file (type pdf)

<use pdf/full_padding_no_strides_02.pdf>
Package pdftex.def Info: pdf/full_padding_no_strides_02.pdf used on input line 
536.
(pdftex.def)             Requested size: 82.8019pt x 96.38992pt.

<pdf/full_padding_no_strides_03.pdf, id=579, 238.46089pt x 277.58607pt>
File: pdf/full_padding_no_strides_03.pdf Graphic file (type pdf)

<use pdf/full_padding_no_strides_03.pdf>
Package pdftex.def Info: pdf/full_padding_no_strides_03.pdf used on input line 
537.
(pdftex.def)             Requested size: 82.8019pt x 96.38992pt.
Package mdframed Info: mdframed detected package amsthm 
 changed the theorem header of amsthm
(mdframed)              on input line 551.
Package mdframed Info: mdframed detected package amsthm 
 changed the theorem header of amsthm
(mdframed)              on input line 569.
Package mdframed Info: mdframed detected package amsthm 
 changed the theorem header of amsthm
(mdframed)              on input line 591.
 [13] [14 <./pdf/no_padding_no_strides_00.pdf> <./pdf/no_padding_no_strides_01.
pdf> <./pdf/no_padding_no_strides_02.pdf> <./pdf/no_padding_no_strides_03.pdf> 
<./pdf/arbitrary_padding_no_strides_00.pdf> <./pdf/arbitrary_padding_no_strides
_01.pdf> <./pdf/arbitrary_padding_no_strides_02.pdf> <./pdf/arbitrary_padding_n
o_strides_03.pdf> <./pdf/same_padding_no_strides_00.pdf> <./pdf/same_padding_no
_strides_01.pdf> <./pdf/same_padding_no_strides_02.pdf> <./pdf/same_padding_no_
strides_03.pdf> <./pdf/full_padding_no_strides_00.pdf> <./pdf/full_padding_no_s
trides_01.pdf> <./pdf/full_padding_no_strides_02.pdf> <./pdf/full_padding_no_st
rides_03.pdf>]
Package mdframed Info: mdframed detected package amsthm 
 changed the theorem header of amsthm
(mdframed)              on input line 625.
Package mdframed Info: mdframed detected package amsthm 
 changed the theorem header of amsthm
(mdframed)              on input line 644.
 [15]
<pdf/no_padding_strides_00.pdf, id=635, 141.72247pt x 138.87685pt>
File: pdf/no_padding_strides_00.pdf Graphic file (type pdf)

<use pdf/no_padding_strides_00.pdf>
Package pdftex.def Info: pdf/no_padding_strides_00.pdf used on input line 666.
(pdftex.def)             Requested size: 82.8019pt x 81.13985pt.

<pdf/no_padding_strides_01.pdf, id=636, 141.72247pt x 138.87985pt>
File: pdf/no_padding_strides_01.pdf Graphic file (type pdf)

<use pdf/no_padding_strides_01.pdf>
Package pdftex.def Info: pdf/no_padding_strides_01.pdf used on input line 667.
(pdftex.def)             Requested size: 82.8019pt x 81.1416pt.

<pdf/no_padding_strides_02.pdf, id=637, 141.72247pt x 138.87685pt>
File: pdf/no_padding_strides_02.pdf Graphic file (type pdf)

<use pdf/no_padding_strides_02.pdf>
Package pdftex.def Info: pdf/no_padding_strides_02.pdf used on input line 668.
(pdftex.def)             Requested size: 82.8019pt x 81.13985pt.

<pdf/no_padding_strides_03.pdf, id=638, 141.72247pt x 138.87685pt>
File: pdf/no_padding_strides_03.pdf Graphic file (type pdf)

<use pdf/no_padding_strides_03.pdf>
Package pdftex.def Info: pdf/no_padding_strides_03.pdf used on input line 669.
(pdftex.def)             Requested size: 82.8019pt x 81.13985pt.

<pdf/padding_strides_00.pdf, id=639, 190.0922pt x 183.69026pt>
File: pdf/padding_strides_00.pdf Graphic file (type pdf)

<use pdf/padding_strides_00.pdf>
Package pdftex.def Info: pdf/padding_strides_00.pdf used on input line 678.
(pdftex.def)             Requested size: 82.8019pt x 80.01392pt.

<pdf/padding_strides_01.pdf, id=640, 190.0922pt x 183.69026pt>
File: pdf/padding_strides_01.pdf Graphic file (type pdf)

<use pdf/padding_strides_01.pdf>
Package pdftex.def Info: pdf/padding_strides_01.pdf used on input line 679.
(pdftex.def)             Requested size: 82.8019pt x 80.01392pt.

<pdf/padding_strides_02.pdf, id=641, 190.0922pt x 183.69328pt>
File: pdf/padding_strides_02.pdf Graphic file (type pdf)

<use pdf/padding_strides_02.pdf>
Package pdftex.def Info: pdf/padding_strides_02.pdf used on input line 680.
(pdftex.def)             Requested size: 82.8019pt x 80.01524pt.

<pdf/padding_strides_03.pdf, id=642, 190.0922pt x 183.69026pt>
File: pdf/padding_strides_03.pdf Graphic file (type pdf)

<use pdf/padding_strides_03.pdf>
Package pdftex.def Info: pdf/padding_strides_03.pdf used on input line 681.
(pdftex.def)             Requested size: 82.8019pt x 80.01392pt.

<pdf/padding_strides_odd_00.pdf, id=643, 214.27654pt x 197.91641pt>
File: pdf/padding_strides_odd_00.pdf Graphic file (type pdf)

<use pdf/padding_strides_odd_00.pdf>
Package pdftex.def Info: pdf/padding_strides_odd_00.pdf used on input line 690.

(pdftex.def)             Requested size: 82.8019pt x 76.48041pt.

<pdf/padding_strides_odd_01.pdf, id=644, 214.27654pt x 197.91641pt>
File: pdf/padding_strides_odd_01.pdf Graphic file (type pdf)

<use pdf/padding_strides_odd_01.pdf>
Package pdftex.def Info: pdf/padding_strides_odd_01.pdf used on input line 691.

(pdftex.def)             Requested size: 82.8019pt x 76.48041pt.

<pdf/padding_strides_odd_02.pdf, id=645, 214.27654pt x 197.91942pt>
File: pdf/padding_strides_odd_02.pdf Graphic file (type pdf)

<use pdf/padding_strides_odd_02.pdf>
Package pdftex.def Info: pdf/padding_strides_odd_02.pdf used on input line 692.

(pdftex.def)             Requested size: 82.8019pt x 76.48157pt.

<pdf/padding_strides_odd_03.pdf, id=646, 214.27654pt x 197.91641pt>
File: pdf/padding_strides_odd_03.pdf Graphic file (type pdf)

<use pdf/padding_strides_odd_03.pdf>
Package pdftex.def Info: pdf/padding_strides_odd_03.pdf used on input line 693.

(pdftex.def)             Requested size: 82.8019pt x 76.48041pt.
 [16] [17 <./pdf/no_padding_strides_00.pdf> <./pdf/no_padding_strides_01.pdf> <
./pdf/no_padding_strides_02.pdf> <./pdf/no_padding_strides_03.pdf> <./pdf/paddi
ng_strides_00.pdf> <./pdf/padding_strides_01.pdf> <./pdf/padding_strides_02.pdf
> <./pdf/padding_strides_03.pdf> <./pdf/padding_strides_odd_00.pdf> <./pdf/padd
ing_strides_odd_01.pdf> <./pdf/padding_strides_odd_02.pdf> <./pdf/padding_strid
es_odd_03.pdf>]
Chapter 3.
Package mdframed Info: mdframed detected package amsthm 
 changed the theorem header of amsthm
(mdframed)              on input line 758.
[18

]
Chapter 4.
[19

] [20]
Package mdframed Info: mdframed detected package amsthm 
 changed the theorem header of amsthm
(mdframed)              on input line 916.
 [21]
Overfull \hbox (0.58594pt too wide) in paragraph at lines 925--927
[]\T1/cmr/m/n/10 Interestingly, this cor-re-sponds to a fully padded con-vo-lu-
tion with unit strides. 
 []

Package mdframed Info: mdframed detected package amsthm 
 changed the theorem header of amsthm
(mdframed)              on input line 941.

<pdf/no_padding_no_strides_transposed_00.pdf, id=713, 165.90782pt x 185.82524pt
>
File: pdf/no_padding_no_strides_transposed_00.pdf Graphic file (type pdf)
 <use pdf/no_padding_no_strides_transposed_00.pdf>
Package pdftex.def Info: pdf/no_padding_no_strides_transposed_00.pdf used on in
put line 952.
(pdftex.def)             Requested size: 82.8019pt x 92.74225pt.

<pdf/no_padding_no_strides_transposed_01.pdf, id=714, 165.90782pt x 185.82524pt
>
File: pdf/no_padding_no_strides_transposed_01.pdf Graphic file (type pdf)
 <use pdf/no_padding_no_strides_transposed_01.pdf>
Package pdftex.def Info: pdf/no_padding_no_strides_transposed_01.pdf used on in
put line 953.
(pdftex.def)             Requested size: 82.8019pt x 92.74225pt.

<pdf/no_padding_no_strides_transposed_02.pdf, id=715, 165.90782pt x 185.82524pt
>
File: pdf/no_padding_no_strides_transposed_02.pdf Graphic file (type pdf)
 <use pdf/no_padding_no_strides_transposed_02.pdf>
Package pdftex.def Info: pdf/no_padding_no_strides_transposed_02.pdf used on in
put line 954.
(pdftex.def)             Requested size: 82.8019pt x 92.74225pt.

<pdf/no_padding_no_strides_transposed_03.pdf, id=716, 165.90782pt x 185.82724pt
>
File: pdf/no_padding_no_strides_transposed_03.pdf Graphic file (type pdf)
 <use pdf/no_padding_no_strides_transposed_03.pdf>
Package pdftex.def Info: pdf/no_padding_no_strides_transposed_03.pdf used on in
put line 955.
(pdftex.def)             Requested size: 82.8019pt x 92.74326pt.

<pdf/arbitrary_padding_no_strides_transposed_00.pdf, id=717, 214.27654pt x 230.
63866pt>
File: pdf/arbitrary_padding_no_strides_transposed_00.pdf Graphic file (type pdf
)
 <use pdf/arbitrary_padding_no_strides_transposed_00.pdf>
Package pdftex.def Info: pdf/arbitrary_padding_no_strides_transposed_00.pdf use
d on input line 966.
(pdftex.def)             Requested size: 82.8019pt x 89.1252pt.

<pdf/arbitrary_padding_no_strides_transposed_01.pdf, id=718, 214.27654pt x 230.
63866pt>
File: pdf/arbitrary_padding_no_strides_transposed_01.pdf Graphic file (type pdf
)
 <use pdf/arbitrary_padding_no_strides_transposed_01.pdf>
Package pdftex.def Info: pdf/arbitrary_padding_no_strides_transposed_01.pdf use
d on input line 967.
(pdftex.def)             Requested size: 82.8019pt x 89.1252pt.

<pdf/arbitrary_padding_no_strides_transposed_02.pdf, id=719, 214.27654pt x 230.
63866pt>
File: pdf/arbitrary_padding_no_strides_transposed_02.pdf Graphic file (type pdf
)
 <use pdf/arbitrary_padding_no_strides_transposed_02.pdf>
Package pdftex.def Info: pdf/arbitrary_padding_no_strides_transposed_02.pdf use
d on input line 968.
(pdftex.def)             Requested size: 82.8019pt x 89.1252pt.

<pdf/arbitrary_padding_no_strides_transposed_03.pdf, id=720, 214.27654pt x 230.
63866pt>
File: pdf/arbitrary_padding_no_strides_transposed_03.pdf Graphic file (type pdf
)
 <use pdf/arbitrary_padding_no_strides_transposed_03.pdf>
Package pdftex.def Info: pdf/arbitrary_padding_no_strides_transposed_03.pdf use
d on input line 969.
(pdftex.def)             Requested size: 82.8019pt x 89.1252pt.

<pdf/same_padding_no_strides_transposed_00.pdf, id=721, 190.0922pt x 216.41151p
t>
File: pdf/same_padding_no_strides_transposed_00.pdf Graphic file (type pdf)
 <use pdf/same_padding_no_strides_transposed_00.pdf>
Package pdftex.def Info: pdf/same_padding_no_strides_transposed_00.pdf used on 
input line 981.
(pdftex.def)             Requested size: 82.8019pt x 94.26703pt.

<pdf/same_padding_no_strides_transposed_01.pdf, id=722, 190.0922pt x 216.41151p
t>
File: pdf/same_padding_no_strides_transposed_01.pdf Graphic file (type pdf)
 <use pdf/same_padding_no_strides_transposed_01.pdf>
Package pdftex.def Info: pdf/same_padding_no_strides_transposed_01.pdf used on 
input line 982.
(pdftex.def)             Requested size: 82.8019pt x 94.26703pt.

<pdf/same_padding_no_strides_transposed_02.pdf, id=723, 190.0922pt x 216.41151p
t>
File: pdf/same_padding_no_strides_transposed_02.pdf Graphic file (type pdf)
 <use pdf/same_padding_no_strides_transposed_02.pdf>
Package pdftex.def Info: pdf/same_padding_no_strides_transposed_02.pdf used on 
input line 983.
(pdftex.def)             Requested size: 82.8019pt x 94.26703pt.

<pdf/same_padding_no_strides_transposed_03.pdf, id=724, 190.0922pt x 216.41151p
t>
File: pdf/same_padding_no_strides_transposed_03.pdf Graphic file (type pdf)
 <use pdf/same_padding_no_strides_transposed_03.pdf>
Package pdftex.def Info: pdf/same_padding_no_strides_transposed_03.pdf used on 
input line 984.
(pdftex.def)             Requested size: 82.8019pt x 94.26703pt.
Package mdframed Info: mdframed detected package amsthm 
 changed the theorem header of amsthm
(mdframed)              on input line 1001.
 [22] [23 <./pdf/no_padding_no_strides_transposed_00.pdf> <./pdf/no_padding_no_
strides_transposed_01.pdf> <./pdf/no_padding_no_strides_transposed_02.pdf> <./p
df/no_padding_no_strides_transposed_03.pdf> <./pdf/arbitrary_padding_no_strides
_transposed_00.pdf> <./pdf/arbitrary_padding_no_strides_transposed_01.pdf> <./p
df/arbitrary_padding_no_strides_transposed_02.pdf> <./pdf/arbitrary_padding_no_
strides_transposed_03.pdf> <./pdf/same_padding_no_strides_transposed_00.pdf> <.
/pdf/same_padding_no_strides_transposed_01.pdf> <./pdf/same_padding_no_strides_
transposed_02.pdf> <./pdf/same_padding_no_strides_transposed_03.pdf>]
Package mdframed Info: mdframed detected package amsthm 
 changed the theorem header of amsthm
(mdframed)              on input line 1023.

Overfull \hbox (1.8501pt too wide) in paragraph at lines 1038--1038
[]\T1/cmr/bx/n/14.4 No zero padding, non-unit strides, trans-posed 
 []

Package mdframed Info: mdframed detected package amsthm 
 changed the theorem header of amsthm
(mdframed)              on input line 1058.

<pdf/full_padding_no_strides_transposed_00.pdf, id=754, 190.0922pt x 216.41151p
t>
File: pdf/full_padding_no_strides_transposed_00.pdf Graphic file (type pdf)
 <use pdf/full_padding_no_strides_transposed_00.pdf>
Package pdftex.def Info: pdf/full_padding_no_strides_transposed_00.pdf used on 
input line 1073.
(pdftex.def)             Requested size: 82.8019pt x 94.26703pt.

<pdf/full_padding_no_strides_transposed_01.pdf, id=755, 190.0922pt x 216.41151p
t>
File: pdf/full_padding_no_strides_transposed_01.pdf Graphic file (type pdf)
 <use pdf/full_padding_no_strides_transposed_01.pdf>
Package pdftex.def Info: pdf/full_padding_no_strides_transposed_01.pdf used on 
input line 1074.
(pdftex.def)             Requested size: 82.8019pt x 94.26703pt.

<pdf/full_padding_no_strides_transposed_02.pdf, id=756, 190.0922pt x 216.41151p
t>
File: pdf/full_padding_no_strides_transposed_02.pdf Graphic file (type pdf)
 <use pdf/full_padding_no_strides_transposed_02.pdf>
Package pdftex.def Info: pdf/full_padding_no_strides_transposed_02.pdf used on 
input line 1075.
(pdftex.def)             Requested size: 82.8019pt x 94.26703pt.

<pdf/full_padding_no_strides_transposed_03.pdf, id=757, 190.0922pt x 216.41151p
t>
File: pdf/full_padding_no_strides_transposed_03.pdf Graphic file (type pdf)
 <use pdf/full_padding_no_strides_transposed_03.pdf>
Package pdftex.def Info: pdf/full_padding_no_strides_transposed_03.pdf used on 
input line 1076.
(pdftex.def)             Requested size: 82.8019pt x 94.26703pt.

<pdf/no_padding_strides_transposed_00.pdf, id=758, 190.0922pt x 216.41151pt>
File: pdf/no_padding_strides_transposed_00.pdf Graphic file (type pdf)

<use pdf/no_padding_strides_transposed_00.pdf>
Package pdftex.def Info: pdf/no_padding_strides_transposed_00.pdf used on input
 line 1087.
(pdftex.def)             Requested size: 82.8019pt x 94.26703pt.

<pdf/no_padding_strides_transposed_01.pdf, id=759, 190.0922pt x 216.41151pt>
File: pdf/no_padding_strides_transposed_01.pdf Graphic file (type pdf)

<use pdf/no_padding_strides_transposed_01.pdf>
Package pdftex.def Info: pdf/no_padding_strides_transposed_01.pdf used on input
 line 1088.
(pdftex.def)             Requested size: 82.8019pt x 94.26703pt.

<pdf/no_padding_strides_transposed_02.pdf, id=760, 190.0922pt x 216.41151pt>
File: pdf/no_padding_strides_transposed_02.pdf Graphic file (type pdf)

<use pdf/no_padding_strides_transposed_02.pdf>
Package pdftex.def Info: pdf/no_padding_strides_transposed_02.pdf used on input
 line 1089.
(pdftex.def)             Requested size: 82.8019pt x 94.26703pt.

<pdf/no_padding_strides_transposed_03.pdf, id=761, 190.0922pt x 216.41151pt>
File: pdf/no_padding_strides_transposed_03.pdf Graphic file (type pdf)

<use pdf/no_padding_strides_transposed_03.pdf>
Package pdftex.def Info: pdf/no_padding_strides_transposed_03.pdf used on input
 line 1090.
(pdftex.def)             Requested size: 82.8019pt x 94.26703pt.

<pdf/padding_strides_transposed_00.pdf, id=762, 190.0922pt x 216.41151pt>
File: pdf/padding_strides_transposed_00.pdf Graphic file (type pdf)

<use pdf/padding_strides_transposed_00.pdf>
Package pdftex.def Info: pdf/padding_strides_transposed_00.pdf used on input li
ne 1102.
(pdftex.def)             Requested size: 82.8019pt x 94.26703pt.

<pdf/padding_strides_transposed_01.pdf, id=763, 190.0922pt x 216.41151pt>
File: pdf/padding_strides_transposed_01.pdf Graphic file (type pdf)

<use pdf/padding_strides_transposed_01.pdf>
Package pdftex.def Info: pdf/padding_strides_transposed_01.pdf used on input li
ne 1103.
(pdftex.def)             Requested size: 82.8019pt x 94.26703pt.

<pdf/padding_strides_transposed_02.pdf, id=764, 190.0922pt x 216.41151pt>
File: pdf/padding_strides_transposed_02.pdf Graphic file (type pdf)

<use pdf/padding_strides_transposed_02.pdf>
Package pdftex.def Info: pdf/padding_strides_transposed_02.pdf used on input li
ne 1104.
(pdftex.def)             Requested size: 82.8019pt x 94.26703pt.

<pdf/padding_strides_transposed_03.pdf, id=765, 190.0922pt x 216.41151pt>
File: pdf/padding_strides_transposed_03.pdf Graphic file (type pdf)

<use pdf/padding_strides_transposed_03.pdf>
Package pdftex.def Info: pdf/padding_strides_transposed_03.pdf used on input li
ne 1105.
(pdftex.def)             Requested size: 82.8019pt x 94.26703pt.
Package mdframed Info: mdframed detected package amsthm 
 changed the theorem header of amsthm
(mdframed)              on input line 1122.
 [24] [25 <./pdf/full_padding_no_strides_transposed_00.pdf> <./pdf/full_padding
_no_strides_transposed_01.pdf> <./pdf/full_padding_no_strides_transposed_02.pdf
> <./pdf/full_padding_no_strides_transposed_03.pdf> <./pdf/no_padding_strides_t
ransposed_00.pdf> <./pdf/no_padding_strides_transposed_01.pdf> <./pdf/no_paddin
g_strides_transposed_02.pdf> <./pdf/no_padding_strides_transposed_03.pdf> <./pd
f/padding_strides_transposed_00.pdf> <./pdf/padding_strides_transposed_01.pdf> 
<./pdf/padding_strides_transposed_02.pdf> <./pdf/padding_strides_transposed_03.
pdf>]
Package mdframed Info: mdframed detected package amsthm 
 changed the theorem header of amsthm
(mdframed)              on input line 1143.

<pdf/padding_strides_odd_transposed_00.pdf, id=797, 214.27654pt x 246.9988pt>
File: pdf/padding_strides_odd_transposed_00.pdf Graphic file (type pdf)

<use pdf/padding_strides_odd_transposed_00.pdf>
Package pdftex.def Info: pdf/padding_strides_odd_transposed_00.pdf used on inpu
t line 1162.
(pdftex.def)             Requested size: 82.8019pt x 95.44722pt.

<pdf/padding_strides_odd_transposed_01.pdf, id=798, 214.27654pt x 246.9988pt>
File: pdf/padding_strides_odd_transposed_01.pdf Graphic file (type pdf)

<use pdf/padding_strides_odd_transposed_01.pdf>
Package pdftex.def Info: pdf/padding_strides_odd_transposed_01.pdf used on inpu
t line 1163.
(pdftex.def)             Requested size: 82.8019pt x 95.44722pt.

<pdf/padding_strides_odd_transposed_02.pdf, id=799, 214.27654pt x 246.9988pt>
File: pdf/padding_strides_odd_transposed_02.pdf Graphic file (type pdf)

<use pdf/padding_strides_odd_transposed_02.pdf>
Package pdftex.def Info: pdf/padding_strides_odd_transposed_02.pdf used on inpu
t line 1164.
(pdftex.def)             Requested size: 82.8019pt x 95.44722pt.

<pdf/padding_strides_odd_transposed_03.pdf, id=800, 214.27654pt x 246.9988pt>
File: pdf/padding_strides_odd_transposed_03.pdf Graphic file (type pdf)

<use pdf/padding_strides_odd_transposed_03.pdf>
Package pdftex.def Info: pdf/padding_strides_odd_transposed_03.pdf used on inpu
t line 1165.
(pdftex.def)             Requested size: 82.8019pt x 95.44722pt.
 [26] [27 <./pdf/padding_strides_odd_transposed_00.pdf> <./pdf/padding_strides_
odd_transposed_01.pdf> <./pdf/padding_strides_odd_transposed_02.pdf> <./pdf/pad
ding_strides_odd_transposed_03.pdf>]
Chapter 5.
Package mdframed Info: mdframed detected package amsthm 
 changed the theorem header of amsthm
(mdframed)              on input line 1211.
<pdf/dilation_00.pdf, id=824, 190.0922pt x 183.69026pt>
File: pdf/dilation_00.pdf Graphic file (type pdf)

<use pdf/dilation_00.pdf>
Package pdftex.def Info: pdf/dilation_00.pdf used on input line 1220.
(pdftex.def)             Requested size: 82.8019pt x 80.01392pt.

<pdf/dilation_01.pdf, id=825, 190.0922pt x 183.69026pt>
File: pdf/dilation_01.pdf Graphic file (type pdf)

<use pdf/dilation_01.pdf>
Package pdftex.def Info: pdf/dilation_01.pdf used on input line 1221.
(pdftex.def)             Requested size: 82.8019pt x 80.01392pt.

<pdf/dilation_02.pdf, id=826, 190.0922pt x 183.69328pt>
File: pdf/dilation_02.pdf Graphic file (type pdf)

<use pdf/dilation_02.pdf>
Package pdftex.def Info: pdf/dilation_02.pdf used on input line 1222.
(pdftex.def)             Requested size: 82.8019pt x 80.01524pt.

<pdf/dilation_03.pdf, id=827, 190.0922pt x 183.69026pt>
File: pdf/dilation_03.pdf Graphic file (type pdf)

<use pdf/dilation_03.pdf>
Package pdftex.def Info: pdf/dilation_03.pdf used on input line 1223.
(pdftex.def)             Requested size: 82.8019pt x 80.01392pt.


LaTeX Warning: `h' float specifier changed to `ht'.

(./conv_arithmetic.bbl [28

] [29 <./pdf/dilation_00.pdf> <./pdf/dilation_01.pdf> <./pdf/dilation_02.pdf> <
./pdf/dilation_03.pdf>] [30

]) [31]
Package atveryend Info: Empty hook `BeforeClearDocument' on input line 1235.
Package atveryend Info: Empty hook `AfterLastShipout' on input line 1235.

(./conv_arithmetic.aux)
Package atveryend Info: Executing hook `AtVeryEndDocument' on input line 1235.
Package atveryend Info: Executing hook `AtEndAfterFileList' on input line 1235.

Package rerunfilecheck Info: File `conv_arithmetic.out' has not changed.
(rerunfilecheck)             Checksum: D91C3423AECCBF9F59457F68F657F613;1586.


LaTeX Warning: Label(s) may have changed. Rerun to get cross-references right.

 ) 
Here is how much of TeX's memory you used:
 27542 strings out of 493089
 553474 string characters out of 6134842
 630002 words of memory out of 5000000
 30347 multiletter control sequences out of 15000+600000
 29522 words of font info for 74 fonts, out of 8000000 for 9000
 1141 hyphenation exceptions out of 8191
 67i,20n,74p,10423b,871s stack positions out of 5000i,500n,10000p,200000b,80000s
{/usr/local/texlive/2015/texmf-dist/fonts/enc/dvips/cm-super/cm-super-t1.enc}
</usr/local/texlive/2015/texmf-dist/fonts/type1/public/amsfonts/cm/cmbx10.pfb><
/usr/local/texlive/2015/texmf-dist/fonts/type1/public/amsfonts/cm/cmex10.pfb></
usr/local/texlive/2015/texmf-dist/fonts/type1/public/amsfonts/cm/cmmi10.pfb></u
sr/local/texlive/2015/texmf-dist/fonts/type1/public/amsfonts/cm/cmmi7.pfb></usr
/local/texlive/2015/texmf-dist/fonts/type1/public/amsfonts/cm/cmr10.pfb></usr/l
ocal/texlive/2015/texmf-dist/fonts/type1/public/amsfonts/cm/cmr5.pfb></usr/loca
l/texlive/2015/texmf-dist/fonts/type1/public/amsfonts/cm/cmr7.pfb></usr/local/t
exlive/2015/texmf-dist/fonts/type1/public/amsfonts/cm/cmr8.pfb></usr/local/texl
ive/2015/texmf-dist/fonts/type1/public/amsfonts/cm/cmr9.pfb></usr/local/texlive
/2015/texmf-dist/fonts/type1/public/amsfonts/cm/cmsy10.pfb></usr/local/texlive/
2015/texmf-dist/fonts/type1/public/amsfonts/cm/cmsy7.pfb></usr/local/texlive/20
15/texmf-dist/fonts/type1/public/amsfonts/cm/cmsy8.pfb></usr/local/texlive/2015
/texmf-dist/fonts/type1/public/amsfonts/cm/cmsy9.pfb></usr/local/texlive/2015/t
exmf-dist/fonts/type1/public/amsfonts/symbols/msam10.pfb></usr/local/texlive/20
15/texmf-dist/fonts/type1/public/amsfonts/symbols/msbm10.pfb></usr/local/texliv
e/2015/texmf-dist/fonts/type1/public/cm-super/sfbx0900.pfb></usr/local/texlive/
2015/texmf-dist/fonts/type1/public/cm-super/sfbx1000.pfb></usr/local/texlive/20
15/texmf-dist/fonts/type1/public/cm-super/sfbx1200.pfb></usr/local/texlive/2015
/texmf-dist/fonts/type1/public/cm-super/sfbx1440.pfb></usr/local/texlive/2015/t
exmf-dist/fonts/type1/public/cm-super/sfbx2074.pfb></usr/local/texlive/2015/tex
mf-dist/fonts/type1/public/cm-super/sfbx2488.pfb></usr/local/texlive/2015/texmf
-dist/fonts/type1/public/cm-super/sfcc0900.pfb></usr/local/texlive/2015/texmf-d
ist/fonts/type1/public/cm-super/sfrm0500.pfb></usr/local/texlive/2015/texmf-dis
t/fonts/type1/public/cm-super/sfrm0600.pfb></usr/local/texlive/2015/texmf-dist/
fonts/type1/public/cm-super/sfrm0700.pfb></usr/local/texlive/2015/texmf-dist/fo
nts/type1/public/cm-super/sfrm0800.pfb></usr/local/texlive/2015/texmf-dist/font
s/type1/public/cm-super/sfrm0900.pfb></usr/local/texlive/2015/texmf-dist/fonts/
type1/public/cm-super/sfrm1000.pfb></usr/local/texlive/2015/texmf-dist/fonts/ty
pe1/public/cm-super/sfrm1200.pfb></usr/local/texlive/2015/texmf-dist/fonts/type
1/public/cm-super/sfrm1728.pfb></usr/local/texlive/2015/texmf-dist/fonts/type1/
public/cm-super/sfti0800.pfb></usr/local/texlive/2015/texmf-dist/fonts/type1/pu
blic/cm-super/sfti0900.pfb></usr/local/texlive/2015/texmf-dist/fonts/type1/publ
ic/cm-super/sfti1000.pfb></usr/local/texlive/2015/texmf-dist/fonts/type1/public
/cm-super/sftt0800.pfb>
Output written on conv_arithmetic.pdf (31 pages, 766592 bytes).
PDF statistics:
 989 PDF objects out of 1000 (max. 8388607)
 817 compressed objects within 9 object streams
 126 named destinations out of 1000 (max. 500000)
 669 words of extra memory for PDF output out of 10000 (max. 10000000)

