Traceback (most recent call last):
  File "/Users/hjensen/opt/anaconda3/lib/python3.8/site-packages/jupyter_cache/executors/utils.py", line 51, in single_nb_execution
    executenb(
  File "/Users/hjensen/opt/anaconda3/lib/python3.8/site-packages/nbclient/client.py", line 1082, in execute
    return NotebookClient(nb=nb, resources=resources, km=km, **kwargs).execute()
  File "/Users/hjensen/opt/anaconda3/lib/python3.8/site-packages/nbclient/util.py", line 74, in wrapped
    return just_run(coro(*args, **kwargs))
  File "/Users/hjensen/opt/anaconda3/lib/python3.8/site-packages/nbclient/util.py", line 53, in just_run
    return loop.run_until_complete(coro)
  File "/Users/hjensen/opt/anaconda3/lib/python3.8/asyncio/base_events.py", line 616, in run_until_complete
    return future.result()
  File "/Users/hjensen/opt/anaconda3/lib/python3.8/site-packages/nbclient/client.py", line 535, in async_execute
    await self.async_execute_cell(
  File "/Users/hjensen/opt/anaconda3/lib/python3.8/site-packages/nbclient/client.py", line 827, in async_execute_cell
    self._check_raise_for_error(cell, exec_reply)
  File "/Users/hjensen/opt/anaconda3/lib/python3.8/site-packages/nbclient/client.py", line 735, in _check_raise_for_error
    raise CellExecutionError.from_cell_and_msg(cell, exec_reply['content'])
nbclient.exceptions.CellExecutionError: An error occurred while executing the following cell:
------------------
np.random.seed(999)         # for reproducibility
a=0.6                       # biased coin
flips=np.random.rand(2**12) # simulates 4096 coin flips
heads=flips<a               # boolean array, heads[i]=True if flip i is heads
------------------

[0;31m---------------------------------------------------------------------------[0m
[0;31mNameError[0m                                 Traceback (most recent call last)
[0;32m<ipython-input-1-3f1158901148>[0m in [0;36m<module>[0;34m[0m
[0;32m----> 1[0;31m [0mnp[0m[0;34m.[0m[0mrandom[0m[0;34m.[0m[0mseed[0m[0;34m([0m[0;36m999[0m[0;34m)[0m         [0;31m# for reproducibility[0m[0;34m[0m[0;34m[0m[0m
[0m[1;32m      2[0m [0ma[0m[0;34m=[0m[0;36m0.6[0m                       [0;31m# biased coin[0m[0;34m[0m[0;34m[0m[0m
[1;32m      3[0m [0mflips[0m[0;34m=[0m[0mnp[0m[0;34m.[0m[0mrandom[0m[0;34m.[0m[0mrand[0m[0;34m([0m[0;36m2[0m[0;34m**[0m[0;36m12[0m[0;34m)[0m [0;31m# simulates 4096 coin flips[0m[0;34m[0m[0;34m[0m[0m
[1;32m      4[0m [0mheads[0m[0;34m=[0m[0mflips[0m[0;34m<[0m[0ma[0m               [0;31m# boolean array, heads[i]=True if flip i is heads[0m[0;34m[0m[0;34m[0m[0m

[0;31mNameError[0m: name 'np' is not defined
NameError: name 'np' is not defined

