Traceback (most recent call last):
  File "/Users/mhjensen/miniforge3/envs/myenv/lib/python3.9/site-packages/jupyter_cache/executors/utils.py", line 51, in single_nb_execution
    executenb(
  File "/Users/mhjensen/miniforge3/envs/myenv/lib/python3.9/site-packages/nbclient/client.py", line 1204, in execute
    return NotebookClient(nb=nb, resources=resources, km=km, **kwargs).execute()
  File "/Users/mhjensen/miniforge3/envs/myenv/lib/python3.9/site-packages/nbclient/util.py", line 84, in wrapped
    return just_run(coro(*args, **kwargs))
  File "/Users/mhjensen/miniforge3/envs/myenv/lib/python3.9/site-packages/nbclient/util.py", line 62, in just_run
    return loop.run_until_complete(coro)
  File "/Users/mhjensen/miniforge3/envs/myenv/lib/python3.9/asyncio/base_events.py", line 647, in run_until_complete
    return future.result()
  File "/Users/mhjensen/miniforge3/envs/myenv/lib/python3.9/site-packages/nbclient/client.py", line 663, in async_execute
    await self.async_execute_cell(
  File "/Users/mhjensen/miniforge3/envs/myenv/lib/python3.9/site-packages/nbclient/client.py", line 965, in async_execute_cell
    await self._check_raise_for_error(cell, cell_index, exec_reply)
  File "/Users/mhjensen/miniforge3/envs/myenv/lib/python3.9/site-packages/nbclient/client.py", line 862, in _check_raise_for_error
    raise CellExecutionError.from_cell_and_msg(cell, exec_reply_content)
nbclient.exceptions.CellExecutionError: An error occurred while executing the following cell:
------------------
from mpl_toolkits.mplot3d import Axes3D
import matplotlib.pyplot as plt
from matplotlib import cm
from matplotlib.ticker import LinearLocator, FormatStrFormatter
import numpy as np
from random import random, seed

fig = plt.figure()
ax = fig.gca(projection='3d')

# Make data.
x = np.arange(0, 1, 0.05)
y = np.arange(0, 1, 0.05)
x, y = np.meshgrid(x,y)


def FrankeFunction(x,y):
    term1 = 0.75*np.exp(-(0.25*(9*x-2)**2) - 0.25*((9*y-2)**2))
    term2 = 0.75*np.exp(-((9*x+1)**2)/49.0 - 0.1*(9*y+1))
    term3 = 0.5*np.exp(-(9*x-7)**2/4.0 - 0.25*((9*y-3)**2))
    term4 = -0.2*np.exp(-(9*x-4)**2 - (9*y-7)**2)
    return term1 + term2 + term3 + term4


z = FrankeFunction(x, y)

# Plot the surface.
surf = ax.plot_surface(x, y, z, cmap=cm.coolwarm,
                       linewidth=0, antialiased=False)

# Customize the z axis.
ax.set_zlim(-0.10, 1.40)
ax.zaxis.set_major_locator(LinearLocator(10))
ax.zaxis.set_major_formatter(FormatStrFormatter('%.02f'))

# Add a color bar which maps values to colors.
fig.colorbar(surf, shrink=0.5, aspect=5)

plt.show()
------------------

[0;31m---------------------------------------------------------------------------[0m
[0;31mTypeError[0m                                 Traceback (most recent call last)
Cell [0;32mIn[30], line 9[0m
[1;32m      6[0m [38;5;28;01mfrom[39;00m [38;5;21;01mrandom[39;00m [38;5;28;01mimport[39;00m random, seed
[1;32m      8[0m fig [38;5;241m=[39m plt[38;5;241m.[39mfigure()
[0;32m----> 9[0m ax [38;5;241m=[39m [43mfig[49m[38;5;241;43m.[39;49m[43mgca[49m[43m([49m[43mprojection[49m[38;5;241;43m=[39;49m[38;5;124;43m'[39;49m[38;5;124;43m3d[39;49m[38;5;124;43m'[39;49m[43m)[49m
[1;32m     11[0m [38;5;66;03m# Make data.[39;00m
[1;32m     12[0m x [38;5;241m=[39m np[38;5;241m.[39marange([38;5;241m0[39m, [38;5;241m1[39m, [38;5;241m0.05[39m)

[0;31mTypeError[0m: gca() got an unexpected keyword argument 'projection'
TypeError: gca() got an unexpected keyword argument 'projection'

