Traceback (most recent call last):
  File "/Users/mhjensen/miniforge3/envs/myenv/lib/python3.9/site-packages/jupyter_cache/executors/utils.py", line 51, in single_nb_execution
    executenb(
  File "/Users/mhjensen/miniforge3/envs/myenv/lib/python3.9/site-packages/nbclient/client.py", line 1204, in execute
    return NotebookClient(nb=nb, resources=resources, km=km, **kwargs).execute()
  File "/Users/mhjensen/miniforge3/envs/myenv/lib/python3.9/site-packages/nbclient/util.py", line 84, in wrapped
    return just_run(coro(*args, **kwargs))
  File "/Users/mhjensen/miniforge3/envs/myenv/lib/python3.9/site-packages/nbclient/util.py", line 62, in just_run
    return loop.run_until_complete(coro)
  File "/Users/mhjensen/miniforge3/envs/myenv/lib/python3.9/asyncio/base_events.py", line 647, in run_until_complete
    return future.result()
  File "/Users/mhjensen/miniforge3/envs/myenv/lib/python3.9/site-packages/nbclient/client.py", line 663, in async_execute
    await self.async_execute_cell(
  File "/Users/mhjensen/miniforge3/envs/myenv/lib/python3.9/site-packages/nbclient/client.py", line 965, in async_execute_cell
    await self._check_raise_for_error(cell, cell_index, exec_reply)
  File "/Users/mhjensen/miniforge3/envs/myenv/lib/python3.9/site-packages/nbclient/client.py", line 862, in _check_raise_for_error
    raise CellExecutionError.from_cell_and_msg(cell, exec_reply_content)
nbclient.exceptions.CellExecutionError: An error occurred while executing the following cell:
------------------
sol1 = np.array([0.60610368, 4.0076268, 0.0, 0.56469864])

print(np.allclose(a1, sol1))
------------------

[0;31m---------------------------------------------------------------------------[0m
[0;31mTypeError[0m                                 Traceback (most recent call last)
Cell [0;32mIn[6], line 3[0m
[1;32m      1[0m sol1 [38;5;241m=[39m np[38;5;241m.[39marray([[38;5;241m0.60610368[39m, [38;5;241m4.0076268[39m, [38;5;241m0.0[39m, [38;5;241m0.56469864[39m])
[0;32m----> 3[0m [38;5;28mprint[39m([43mnp[49m[38;5;241;43m.[39;49m[43mallclose[49m[43m([49m[43ma1[49m[43m,[49m[43m [49m[43msol1[49m[43m)[49m)

File [0;32m~/miniforge3/envs/myenv/lib/python3.9/site-packages/autograd/tracer.py:48[0m, in [0;36mprimitive.<locals>.f_wrapped[0;34m(*args, **kwargs)[0m
[1;32m     46[0m     [38;5;28;01mreturn[39;00m new_box(ans, trace, node)
[1;32m     47[0m [38;5;28;01melse[39;00m:
[0;32m---> 48[0m     [38;5;28;01mreturn[39;00m [43mf_raw[49m[43m([49m[38;5;241;43m*[39;49m[43margs[49m[43m,[49m[43m [49m[38;5;241;43m*[39;49m[38;5;241;43m*[39;49m[43mkwargs[49m[43m)[49m

File [0;32m~/miniforge3/envs/myenv/lib/python3.9/site-packages/numpy/core/numeric.py:2241[0m, in [0;36mallclose[0;34m(a, b, rtol, atol, equal_nan)[0m
[1;32m   2170[0m [38;5;129m@array_function_dispatch[39m(_allclose_dispatcher)
[1;32m   2171[0m [38;5;28;01mdef[39;00m [38;5;21mallclose[39m(a, b, rtol[38;5;241m=[39m[38;5;241m1.e-5[39m, atol[38;5;241m=[39m[38;5;241m1.e-8[39m, equal_nan[38;5;241m=[39m[38;5;28;01mFalse[39;00m):
[1;32m   2172[0m [38;5;250m    [39m[38;5;124;03m"""[39;00m
[1;32m   2173[0m [38;5;124;03m    Returns True if two arrays are element-wise equal within a tolerance.[39;00m
[1;32m   2174[0m 
[0;32m   (...)[0m
[1;32m   2239[0m 
[1;32m   2240[0m [38;5;124;03m    """[39;00m
[0;32m-> 2241[0m     res [38;5;241m=[39m [38;5;28mall[39m([43misclose[49m[43m([49m[43ma[49m[43m,[49m[43m [49m[43mb[49m[43m,[49m[43m [49m[43mrtol[49m[38;5;241;43m=[39;49m[43mrtol[49m[43m,[49m[43m [49m[43matol[49m[38;5;241;43m=[39;49m[43matol[49m[43m,[49m[43m [49m[43mequal_nan[49m[38;5;241;43m=[39;49m[43mequal_nan[49m[43m)[49m)
[1;32m   2242[0m     [38;5;28;01mreturn[39;00m [38;5;28mbool[39m(res)

File [0;32m~/miniforge3/envs/myenv/lib/python3.9/site-packages/numpy/core/numeric.py:2348[0m, in [0;36misclose[0;34m(a, b, rtol, atol, equal_nan)[0m
[1;32m   2345[0m     dt [38;5;241m=[39m multiarray[38;5;241m.[39mresult_type(y, [38;5;241m1.[39m)
[1;32m   2346[0m     y [38;5;241m=[39m asanyarray(y, dtype[38;5;241m=[39mdt)
[0;32m-> 2348[0m xfin [38;5;241m=[39m [43misfinite[49m[43m([49m[43mx[49m[43m)[49m
[1;32m   2349[0m yfin [38;5;241m=[39m isfinite(y)
[1;32m   2350[0m [38;5;28;01mif[39;00m [38;5;28mall[39m(xfin) [38;5;129;01mand[39;00m [38;5;28mall[39m(yfin):

[0;31mTypeError[0m: ufunc 'isfinite' not supported for the input types, and the inputs could not be safely coerced to any supported types according to the casting rule ''safe''
TypeError: ufunc 'isfinite' not supported for the input types, and the inputs could not be safely coerced to any supported types according to the casting rule ''safe''

