Traceback (most recent call last):
  File "/Users/mhjensen/miniforge3/envs/myenv/lib/python3.9/site-packages/jupyter_cache/executors/utils.py", line 51, in single_nb_execution
    executenb(
  File "/Users/mhjensen/miniforge3/envs/myenv/lib/python3.9/site-packages/nbclient/client.py", line 1204, in execute
    return NotebookClient(nb=nb, resources=resources, km=km, **kwargs).execute()
  File "/Users/mhjensen/miniforge3/envs/myenv/lib/python3.9/site-packages/nbclient/util.py", line 84, in wrapped
    return just_run(coro(*args, **kwargs))
  File "/Users/mhjensen/miniforge3/envs/myenv/lib/python3.9/site-packages/nbclient/util.py", line 62, in just_run
    return loop.run_until_complete(coro)
  File "/Users/mhjensen/miniforge3/envs/myenv/lib/python3.9/asyncio/base_events.py", line 642, in run_until_complete
    return future.result()
  File "/Users/mhjensen/miniforge3/envs/myenv/lib/python3.9/site-packages/nbclient/client.py", line 663, in async_execute
    await self.async_execute_cell(
  File "/Users/mhjensen/miniforge3/envs/myenv/lib/python3.9/site-packages/nbclient/client.py", line 965, in async_execute_cell
    await self._check_raise_for_error(cell, cell_index, exec_reply)
  File "/Users/mhjensen/miniforge3/envs/myenv/lib/python3.9/site-packages/nbclient/client.py", line 862, in _check_raise_for_error
    raise CellExecutionError.from_cell_and_msg(cell, exec_reply_content)
nbclient.exceptions.CellExecutionError: An error occurred while executing the following cell:
------------------
import numpy as np
X = np.array( [ [1,2,3],[2,4,5],[3,5,6]])
Xinv = np.linlag.pinv(X)
------------------

[0;31m---------------------------------------------------------------------------[0m
[0;31mAttributeError[0m                            Traceback (most recent call last)
Input [0;32mIn [1][0m, in [0;36m<cell line: 3>[0;34m()[0m
[1;32m      1[0m [38;5;28;01mimport[39;00m [38;5;21;01mnumpy[39;00m [38;5;28;01mas[39;00m [38;5;21;01mnp[39;00m
[1;32m      2[0m X [38;5;241m=[39m np[38;5;241m.[39marray( [ [[38;5;241m1[39m,[38;5;241m2[39m,[38;5;241m3[39m],[[38;5;241m2[39m,[38;5;241m4[39m,[38;5;241m5[39m],[[38;5;241m3[39m,[38;5;241m5[39m,[38;5;241m6[39m]])
[0;32m----> 3[0m Xinv [38;5;241m=[39m [43mnp[49m[38;5;241;43m.[39;49m[43mlinlag[49m[38;5;241m.[39mpinv(X)

File [0;32m~/miniforge3/envs/myenv/lib/python3.9/site-packages/numpy/__init__.py:315[0m, in [0;36m__getattr__[0;34m(attr)[0m
[1;32m    312[0m     [38;5;28;01mfrom[39;00m [38;5;21;01m.[39;00m[38;5;21;01mtesting[39;00m [38;5;28;01mimport[39;00m Tester
[1;32m    313[0m     [38;5;28;01mreturn[39;00m Tester
[0;32m--> 315[0m [38;5;28;01mraise[39;00m [38;5;167;01mAttributeError[39;00m([38;5;124m"[39m[38;5;124mmodule [39m[38;5;132;01m{!r}[39;00m[38;5;124m has no attribute [39m[38;5;124m"[39m
[1;32m    316[0m                      [38;5;124m"[39m[38;5;132;01m{!r}[39;00m[38;5;124m"[39m[38;5;241m.[39mformat([38;5;18m__name__[39m, attr))

[0;31mAttributeError[0m: module 'numpy' has no attribute 'linlag'
AttributeError: module 'numpy' has no attribute 'linlag'

