\BOOKMARK [0][-]{chapter.1}{\376\377\000I\000n\000t\000r\000o\000d\000u\000c\000t\000i\000o\000n}{}% 1
\BOOKMARK [0][-]{chapter.2}{\376\377\000L\000e\000a\000r\000n\000i\000n\000g\000\040\000o\000u\000t\000c\000o\000m\000e\000s}{}% 2
\BOOKMARK [0][-]{chapter.3}{\376\377\000M\000a\000c\000h\000i\000n\000e\000\040\000L\000e\000a\000r\000n\000i\000n\000g\000,\000\040\000a\000\040\000s\000m\000a\000l\000l\000\040\000\050\000a\000n\000d\000\040\000p\000r\000o\000b\000a\000b\000l\000y\000\040\000b\000i\000a\000s\000e\000d\000\051\000\040\000i\000n\000t\000r\000o\000d\000u\000c\000t\000i\000o\000n}{}% 3
\BOOKMARK [0][-]{chapter.4}{\376\377\000M\000a\000c\000h\000i\000n\000e\000\040\000L\000e\000a\000r\000n\000i\000n\000g\000,\000\040\000a\000n\000\040\000e\000x\000t\000r\000e\000m\000e\000l\000y\000\040\000r\000i\000c\000h\000\040\000f\000i\000e\000l\000d}{}% 4
\BOOKMARK [0][-]{chapter.5}{\376\377\000A\000\040\000m\000u\000l\000t\000i\000d\000i\000s\000c\000i\000p\000l\000i\000n\000a\000r\000y\000\040\000a\000p\000p\000r\000o\000a\000c\000h}{}% 5
\BOOKMARK [0][-]{chapter.6}{\376\377\000T\000y\000p\000e\000s\000\040\000o\000f\000\040\000M\000a\000c\000h\000i\000n\000e\000\040\000L\000e\000a\000r\000n\000i\000n\000g}{}% 6
\BOOKMARK [0][-]{chapter.7}{\376\377\000E\000s\000s\000e\000n\000t\000i\000a\000l\000\040\000e\000l\000e\000m\000e\000n\000t\000s\000\040\000o\000f\000\040\000M\000L}{}% 7
\BOOKMARK [0][-]{chapter.8}{\376\377\000A\000n\000\040\000o\000p\000t\000i\000m\000i\000z\000a\000t\000i\000o\000n\000/\000m\000i\000n\000i\000m\000i\000z\000a\000t\000i\000o\000n\000\040\000p\000r\000o\000b\000l\000e\000m}{}% 8
\BOOKMARK [0][-]{chapter.9}{\376\377\000A\000\040\000F\000r\000e\000q\000u\000e\000n\000t\000i\000s\000t\000\040\000a\000p\000p\000r\000o\000a\000c\000h\000\040\000t\000o\000\040\000d\000a\000t\000a\000\040\000a\000n\000a\000l\000y\000s\000i\000s}{}% 9
\BOOKMARK [0][-]{chapter.10}{\376\377\000W\000h\000a\000t\000\040\000i\000s\000\040\000a\000\040\000g\000o\000o\000d\000\040\000m\000o\000d\000e\000l\000?}{}% 10
\BOOKMARK [0][-]{chapter.11}{\376\377\000W\000h\000a\000t\000\040\000i\000s\000\040\000a\000\040\000g\000o\000o\000d\000\040\000m\000o\000d\000e\000l\000?\000\040\000C\000a\000n\000\040\000w\000e\000\040\000d\000e\000f\000i\000n\000e\000\040\000i\000t\000?}{}% 11
\BOOKMARK [0][-]{chapter.12}{\376\377\000C\000h\000o\000i\000c\000e\000\040\000o\000f\000\040\000P\000r\000o\000g\000r\000a\000m\000m\000i\000n\000g\000\040\000L\000a\000n\000g\000u\000a\000g\000e}{}% 12
\BOOKMARK [0][-]{chapter.13}{\376\377\000D\000a\000t\000a\000\040\000h\000a\000n\000d\000l\000i\000n\000g\000,\000\040\000m\000a\000c\000h\000i\000n\000e\000\040\000l\000e\000a\000r\000n\000i\000n\000g\000\040\000a\000n\000d\000\040\000e\000t\000h\000i\000c\000a\000l\000\040\000a\000s\000p\000e\000c\000t\000s}{}% 13
\BOOKMARK [1][-]{section.13.1}{\376\377\000D\000a\000t\000a\000\040\000A\000n\000a\000l\000y\000s\000i\000s\000\040\000a\000n\000d\000\040\000M\000a\000c\000h\000i\000n\000e\000\040\000L\000e\000a\000r\000n\000i\000n\000g\000:\000\040\000G\000e\000t\000t\000i\000n\000g\000\040\000s\000t\000a\000r\000t\000e\000d\000,\000\040\000o\000u\000r\000\040\000f\000i\000r\000s\000t\000\040\000d\000a\000t\000a\000\040\000a\000n\000d\000\040\000M\000a\000c\000h\000i\000n\000e\000\040\000L\000e\000a\000r\000n\000i\000n\000g\000\040\000e\000n\000c\000o\000u\000n\000t\000e\000r\000s}{chapter.13}% 14
\BOOKMARK [1][-]{section.13.2}{\376\377\000D\000a\000t\000a\000\040\000A\000n\000a\000l\000y\000s\000i\000s\000\040\000a\000n\000d\000\040\000M\000a\000c\000h\000i\000n\000e\000\040\000L\000e\000a\000r\000n\000i\000n\000g\000:\000\040\000E\000l\000e\000m\000e\000n\000t\000s\000\040\000o\000f\000\040\000P\000r\000o\000b\000a\000b\000i\000l\000i\000t\000y\000\040\000T\000h\000e\000o\000r\000y\000\040\000a\000n\000d\000\040\000S\000t\000a\000t\000i\000s\000t\000i\000c\000a\000l\000\040\000D\000a\000t\000a\000\040\000A\000n\000a\000l\000y\000s\000i\000s}{chapter.13}% 15
\BOOKMARK [1][-]{section.13.3}{\376\377\000R\000a\000n\000d\000o\000m\000\040\000N\000u\000m\000b\000e\000r\000s}{chapter.13}% 16
\BOOKMARK [1][-]{section.13.4}{\376\377\000R\000a\000n\000d\000o\000m\000\040\000N\000u\000m\000b\000e\000r\000s\000,\000\040\000b\000e\000t\000t\000e\000r\000\040\000n\000a\000m\000e\000:\000\040\000p\000s\000e\000u\000d\000o\000\040\000r\000a\000n\000d\000o\000m\000\040\000n\000u\000m\000b\000e\000r\000s}{chapter.13}% 17
\BOOKMARK [1][-]{section.13.5}{\376\377\000R\000a\000n\000d\000o\000m\000\040\000n\000u\000m\000b\000e\000r\000\040\000g\000e\000n\000e\000r\000a\000t\000o\000r\000\040\000R\000N\000G}{chapter.13}% 18
\BOOKMARK [1][-]{section.13.6}{\376\377\000R\000a\000n\000d\000o\000m\000\040\000n\000u\000m\000b\000e\000r\000\040\000g\000e\000n\000e\000r\000a\000t\000o\000r\000\040\000R\000N\000G\000\040\000a\000n\000d\000\040\000p\000e\000r\000i\000o\000d\000i\000c\000\040\000o\000u\000t\000p\000u\000t\000s}{chapter.13}% 19
\BOOKMARK [1][-]{section.13.7}{\376\377\000R\000a\000n\000d\000o\000m\000\040\000n\000u\000m\000b\000e\000r\000\040\000g\000e\000n\000e\000r\000a\000t\000o\000r\000\040\000R\000N\000G\000\040\000a\000n\000d\000\040\000i\000t\000s\000\040\000p\000e\000r\000i\000o\000d}{chapter.13}% 20
\BOOKMARK [1][-]{section.13.8}{\376\377\000R\000a\000n\000d\000o\000m\000\040\000n\000u\000m\000b\000e\000r\000\040\000g\000e\000n\000e\000r\000a\000t\000o\000r\000\040\000R\000N\000G\000,\000\040\000o\000t\000h\000e\000r\000\040\000e\000x\000a\000m\000p\000l\000e\000s}{chapter.13}% 21
\BOOKMARK [1][-]{section.13.9}{\376\377\000R\000a\000n\000d\000o\000m\000\040\000n\000u\000m\000b\000e\000r\000\040\000g\000e\000n\000e\000r\000a\000t\000o\000r\000\040\000R\000N\000G\000,\000\040\000o\000t\000h\000e\000r\000\040\000e\000x\000a\000m\000p\000l\000e\000s}{chapter.13}% 22
\BOOKMARK [1][-]{section.13.10}{\376\377\000R\000a\000n\000d\000o\000m\000\040\000n\000u\000m\000b\000e\000r\000\040\000g\000e\000n\000e\000r\000a\000t\000o\000r\000\040\000R\000N\000G\000,\000\040\000R\000A\000N\0000}{chapter.13}% 23
\BOOKMARK [1][-]{section.13.11}{\376\377\000R\000a\000n\000d\000o\000m\000\040\000n\000u\000m\000b\000e\000r\000\040\000g\000e\000n\000e\000r\000a\000t\000o\000r\000\040\000R\000N\000G\000,\000\040\000R\000A\000N\0000}{chapter.13}% 24
\BOOKMARK [1][-]{section.13.12}{\376\377\000R\000a\000n\000d\000o\000m\000\040\000n\000u\000m\000b\000e\000r\000\040\000g\000e\000n\000e\000r\000a\000t\000o\000r\000\040\000R\000N\000G\000,\000\040\000R\000A\000N\0000}{chapter.13}% 25
\BOOKMARK [1][-]{section.13.13}{\376\377\000R\000a\000n\000d\000o\000m\000\040\000n\000u\000m\000b\000e\000r\000\040\000g\000e\000n\000e\000r\000a\000t\000o\000r\000\040\000R\000N\000G\000,\000\040\000R\000A\000N\0000}{chapter.13}% 26
\BOOKMARK [1][-]{section.13.14}{\376\377\000R\000a\000n\000d\000o\000m\000\040\000n\000u\000m\000b\000e\000r\000\040\000g\000e\000n\000e\000r\000a\000t\000o\000r\000\040\000R\000N\000G\000,\000\040\000R\000A\000N\0000\000\040\000c\000o\000d\000e}{chapter.13}% 27
\BOOKMARK [1][-]{section.13.15}{\376\377\000W\000h\000i\000c\000h\000\040\000R\000N\000G\000\040\000s\000h\000o\000u\000l\000d\000\040\000I\000\040\000u\000s\000e\000?}{chapter.13}% 28
\BOOKMARK [1][-]{section.13.16}{\376\377\000D\000a\000t\000a\000\040\000A\000n\000a\000l\000y\000s\000i\000s\000\040\000a\000n\000d\000\040\000M\000a\000c\000h\000i\000n\000e\000\040\000L\000e\000a\000r\000n\000i\000n\000g\000:\000\040\000L\000i\000n\000e\000a\000r\000\040\000R\000e\000g\000r\000e\000s\000s\000i\000o\000n\000\040\000a\000n\000d\000\040\000m\000o\000r\000e\000\040\000A\000d\000v\000a\000n\000c\000e\000d\000\040\000R\000e\000g\000r\000e\000s\000s\000i\000o\000n\000\040\000A\000n\000a\000l\000y\000s\000i\000s}{chapter.13}% 29
\BOOKMARK [1][-]{section.13.17}{\376\377\000D\000a\000t\000a\000\040\000A\000n\000a\000l\000y\000s\000i\000s\000\040\000a\000n\000d\000\040\000M\000a\000c\000h\000i\000n\000e\000\040\000L\000e\000a\000r\000n\000i\000n\000g\000:\000\040\000L\000o\000g\000i\000s\000t\000i\000c\000\040\000R\000e\000g\000r\000e\000s\000s\000i\000o\000n}{chapter.13}% 30
